#
# A fatal error has been detected by the Java Runtime Environment:
#
#  EXCEPTION_ACCESS_VIOLATION (0xc0000005) at pc=0x00007ffa01945677, pid=3956, tid=6340
#
# JRE version: Java(TM) SE Runtime Environment (18.0.2.1+1) (build 18.0.2.1+1-1)
# Java VM: Java HotSpot(TM) 64-Bit Server VM (18.0.2.1+1-1, mixed mode, sharing, tiered, compressed oops, compressed class ptrs, g1 gc, windows-amd64)
# Problematic frame:
# V  [jvm.dll+0x325677]
#
# No core dump will be written. Minidumps are not enabled by default on client versions of Windows
#
# If you would like to submit a bug report, please visit:
#   https://bugreport.java.com/bugreport/crash.jsp
#

---------------  S U M M A R Y ------------

Command Line: --add-opens=java.base/java.util=ALL-UNNAMED --add-opens=java.base/java.lang=ALL-UNNAMED --add-opens=java.base/java.lang.invoke=ALL-UNNAMED --add-opens=java.prefs/java.util.prefs=ALL-UNNAMED --add-opens=java.base/java.nio.charset=ALL-UNNAMED --add-opens=java.base/java.net=ALL-UNNAMED --add-opens=java.base/java.util.concurrent.atomic=ALL-UNNAMED -Xmx2048m -Dfile.encoding=UTF-8 -Duser.country=US -Duser.language=en -Duser.variant -javaagent:C:\Users\mattia\.gradle\wrapper\dists\gradle-8.4-bin\1w5dpkrfk8irigvoxmyhowfim\gradle-8.4\lib\agents\gradle-instrumentation-agent-8.4.jar org.gradle.launcher.daemon.bootstrap.GradleDaemon 8.4

Host: Intel(R) Core(TM) i7-7600U CPU @ 2.80GHz, 4 cores, 15G,  Windows 10 , 64 bit Build 19041 (10.0.19041.4597)
Time: Thu Jul 11 13:35:29 2024 Egypt Daylight Time elapsed time: 240.669397 seconds (0d 0h 4m 0s)

---------------  T H R E A D  ---------------

Current thread (0x000001c19efa3dc0):  WorkerThread "GC Thread#2" [stack: 0x000000062ed00000,0x000000062ee00000] [id=6340]

Stack: [0x000000062ed00000,0x000000062ee00000],  sp=0x000000062edff900,  free space=1022k
Native frames: (J=compiled Java code, j=interpreted, Vv=VM code, C=native code)
V  [jvm.dll+0x325677]
V  [jvm.dll+0x321ebe]
V  [jvm.dll+0x331518]
V  [jvm.dll+0x33373e]
V  [jvm.dll+0x331b6a]
V  [jvm.dll+0x3332da]
V  [jvm.dll+0x33ed93]
V  [jvm.dll+0x33eedb]
V  [jvm.dll+0x820904]
V  [jvm.dll+0x7a120a]
V  [jvm.dll+0x698255]
C  [ucrtbase.dll+0x21bb2]
C  [KERNEL32.DLL+0x17374]
C  [ntdll.dll+0x4cc91]


siginfo: EXCEPTION_ACCESS_VIOLATION (0xc0000005), reading address 0x0000000000000040


Register to memory mapping:

RIP=0x00007ffa01945677 jvm.dll
RAX=0x0 is NULL
RBX=0x000001c19ee83240 points into unknown readable memory: 0x00007ffa01f44e90 | 90 4e f4 01 fa 7f 00 00
RCX=0x0000000000000014 is an unknown value
RDX=0x0 is NULL
RSP=0x000000062edff900 points into unknown readable memory: 0x000001c19ee80000 | 00 00 e8 9e c1 01 00 00
RBP=0x00000000000010f8 is an unknown value
RSI=0x000001c1fbf287a0 points into unknown readable memory: 0x0000000000000000 | 00 00 00 00 00 00 00 00
RDI=0x0000000081e99a40 is pointing into object: [Ljava.util.concurrent.ConcurrentHashMap$Node; 
{0x0000000081e8fb28} - klass: 'java/util/concurrent/ConcurrentHashMap$Node'[]
 - length: 16384
R8 =0x000000008d941c80 is an oop: java.lang.Object 
{0x000000008d941c80} - klass: 'java/lang/Object'
 - ---- fields (total size 2 words):
R9 =0x00007ffa01620000 jvm.dll
R10=0x0000000000000040 is an unknown value
R11=0x00007ffa6ecc15c3 VCRUNTIME140.dll
R12=0x000000062edffb90 points into unknown readable memory: 0x00007ffa01f45f60 | 60 5f f4 01 fa 7f 00 00
R13=0x000001c1fbf1f4b0 points into unknown readable memory: 0x0000000000000800 | 00 08 00 00 00 00 00 00
R14=0x0000000000000040 is an unknown value
R15=0x0 is NULL


Registers:
RAX=0x0000000000000000, RBX=0x000001c19ee83240, RCX=0x0000000000000014, RDX=0x0000000000000000
RSP=0x000000062edff900, RBP=0x00000000000010f8, RSI=0x000001c1fbf287a0, RDI=0x0000000081e99a40
R8 =0x000000008d941c80, R9 =0x00007ffa01620000, R10=0x0000000000000040, R11=0x00007ffa6ecc15c3
R12=0x000000062edffb90, R13=0x000001c1fbf1f4b0, R14=0x0000000000000040, R15=0x0000000000000000
RIP=0x00007ffa01945677, EFLAGS=0x0000000000010246

Top of Stack: (sp=0x000000062edff900)
0x000000062edff900:   000001c19ee80000 000001c1fbf20001
0x000000062edff910:   0000000000000000 0000000000000001
0x000000062edff920:   000001c1fc3cf4e0 0000000000000001
0x000000062edff930:   0000000000000040 000000062edffb90
0x000000062edff940:   0000000081e9ca00 00007ffa01941ebe
0x000000062edff950:   000001c19f524da8 000001c19ee83240
0x000000062edff960:   000001c1fc3cf4e0 0000000000000001
0x000000062edff970:   000000008f7025cd 000000a2b2e280be
0x000000062edff980:   000000062edffb90 0000000081e9ca00
0x000000062edff990:   0000000081e9cc00 00007ffa01951518
0x000000062edff9a0:   0000000081e9ca00 000000062edff9c0
0x000000062edff9b0:   000000062edff9d0 000001c1fbf691f0
0x000000062edff9c0:   0000000081e9ca00 0000000000000040
0x000000062edff9d0:   00007ffa01f45d70 0000000000000000
0x000000062edff9e0:   000001c1fbf20b70 000001c19ee83240
0x000000062edff9f0:   000000062edffbe8 00007ffa01cb2b3f 

Instructions: (pc=0x00007ffa01945677)
0x00007ffa01945577:   e9 e4 fd ff ff 48 8d 57 fe 48 8b cb e8 48 f4 ff
0x00007ffa01945587:   ff e9 d3 fd ff ff 0f 1f 00 48 8b 73 10 8b ae 80
0x00007ffa01945597:   00 00 00 8b cd 8b 86 00 01 00 00 2b c8 81 e1 ff
0x00007ffa019455a7:   ff 01 00 41 3b ce 0f 86 49 02 00 00 ff cd 81 e5
0x00007ffa019455b7:   ff ff 01 00 89 ae 80 00 00 00 e8 2a 52 36 00 48
0x00007ffa019455c7:   8b 86 80 01 00 00 8b cd 8b d5 48 8b 3c e8 8b 86
0x00007ffa019455d7:   00 01 00 00 2b c8 81 e1 ff ff 01 00 81 f9 ff ff
0x00007ffa019455e7:   01 00 41 0f 44 cf 85 c9 75 3c 48 8b 86 00 01 00
0x00007ffa019455f7:   00 48 8b c8 89 6c 24 50 48 c1 e9 20 ff c1 89 4c
0x00007ffa01945607:   24 54 3b e8 0f 85 d9 01 00 00 48 c1 e1 20 48 0b
0x00007ffa01945617:   ca f0 48 0f b1 8e 00 01 00 00 0f 85 c3 01 00 00
0x00007ffa01945627:   8b 86 00 01 00 00 40 f6 c7 01 0f 84 a7 00 00 00
0x00007ffa01945637:   8b 0d 63 a3 79 00 48 ff cf 48 8b 43 08 44 8b 17
0x00007ffa01945647:   49 d3 e2 8b 88 20 06 00 00 48 8b 80 10 06 00 00
0x00007ffa01945657:   4c 03 15 3a a3 79 00 49 8b d2 48 d3 ea 0f b7 14
0x00007ffa01945667:   50 0f b7 c2 66 c1 e8 08 84 c0 0f 88 19 ff ff ff
0x00007ffa01945677:   4d 8b 02 41 0f b6 c0 24 03 3c 03 75 06 49 83 e0
0x00007ffa01945687:   fc eb 11 4d 8b c8 48 8b cb 4d 8b c2 e8 28 ee ff
0x00007ffa01945697:   ff 4c 8b c0 8b 0d ff a2 79 00 49 8b d0 48 2b 15
0x00007ffa019456a7:   ed a2 79 00 48 d3 ea 89 17 49 8b d0 8b 0d 77 ee
0x00007ffa019456b7:   80 00 48 33 d7 48 d3 ea 48 85 d2 0f 84 c8 fe ff
0x00007ffa019456c7:   ff 48 8b 43 08 8b 88 20 06 00 00 4c 8b 88 10 06
0x00007ffa019456d7:   00 00 e9 87 00 00 00 40 f6 c7 03 0f 85 f1 00 00
0x00007ffa019456e7:   00 48 8b 43 08 4c 8b 17 49 8b d2 8b 88 20 06 00
0x00007ffa019456f7:   00 48 8b 80 10 06 00 00 48 d3 ea 0f b7 14 50 0f
0x00007ffa01945707:   b7 c2 66 c1 e8 08 84 c0 0f 88 7b fe ff ff 4d 8b
0x00007ffa01945717:   02 41 0f b6 c0 24 03 3c 03 75 06 49 83 e0 fc eb
0x00007ffa01945727:   11 4d 8b c8 48 8b cb 4d 8b c2 e8 8a ed ff ff 4c
0x00007ffa01945737:   8b c0 49 8b d0 4c 89 07 8b 0d eb ed 80 00 48 33
0x00007ffa01945747:   d7 48 d3 ea 48 85 d2 0f 84 3c fe ff ff 48 8b 53
0x00007ffa01945757:   08 8b 8a 20 06 00 00 4c 8b 8a 10 06 00 00 48 8b
0x00007ffa01945767:   c7 48 d3 e8 41 0f b7 14 41 66 c1 ea 08 80 fa fe 


Stack slot to memory mapping:
stack at sp + 0 slots: 0x000001c19ee80000 points into unknown readable memory: 0x0000000000000000 | 00 00 00 00 00 00 00 00
stack at sp + 1 slots: 0x000001c1fbf20001 points into unknown readable memory: 00 00 00 05 00 00 00
stack at sp + 2 slots: 0x0 is NULL
stack at sp + 3 slots: 0x0000000000000001 is an unknown value
stack at sp + 4 slots: 0x000001c1fc3cf4e0 points into unknown readable memory: 0xffffffffffffffff | ff ff ff ff ff ff ff ff
stack at sp + 5 slots: 0x0000000000000001 is an unknown value
stack at sp + 6 slots: 0x0000000000000040 is an unknown value
stack at sp + 7 slots: 0x000000062edffb90 points into unknown readable memory: 0x00007ffa01f45f60 | 60 5f f4 01 fa 7f 00 00


---------------  P R O C E S S  ---------------

Threads class SMR info:
_java_thread_list=0x000001c1a09ee3b0, length=57, elements={
0x000001c1fbf0a1c0, 0x000001c1ff07ac20, 0x000001c1ff07b9c0, 0x000001c1ff0912a0,
0x000001c1ff092450, 0x000001c1ff092df0, 0x000001c1ff093790, 0x000001c1ff094db0,
0x000001c1ff098dd0, 0x000001c1ff09b900, 0x000001c1ff0615b0, 0x000001c19ee22ac0,
0x000001c1a0556400, 0x000001c19f64e890, 0x000001c1a0526430, 0x000001c19f535e80,
0x000001c19f533800, 0x000001c19f5341a0, 0x000001c19f534b40, 0x000001c1a256e1c0,
0x000001c1a25694c0, 0x000001c1a256f500, 0x000001c1a256ce80, 0x000001c1a2568ff0,
0x000001c1a256acd0, 0x000001c1a256bb40, 0x000001c1a256c010, 0x000001c19f5354e0,
0x000001c1a2569e60, 0x000001c1a47ee6e0, 0x000001c1a47edd40, 0x000001c1a47efa20,
0x000001c1a47ed870, 0x000001c1a47eebb0, 0x000001c1a4957400, 0x000001c1a4a9a840,
0x000001c1a4a99500, 0x000001c1a91936f0, 0x000001c1a9192d50, 0x000001c1a9193220,
0x000001c1a4956f30, 0x000001c1a4955bf0, 0x000001c1a47ef550, 0x000001c1a47ec530,
0x000001c1a47eced0, 0x000001c1a93e4710, 0x000001c1a4a99030, 0x000001c1a4a99ea0,
0x000001c1a4a9a370, 0x000001c1a47ee210, 0x000001c1a31af010, 0x000001c1a3483070,
0x000001c1a49636c0, 0x000001c1a93e3d70, 0x000001c1a93e5f20, 0x000001c1a93e68c0,
0x000001c1a4961eb0
}

Java Threads: ( => current thread )
  0x000001c1fbf0a1c0 JavaThread "main" [_thread_blocked, id=1500, stack(0x000000062d900000,0x000000062da00000)]
  0x000001c1ff07ac20 JavaThread "Reference Handler" daemon [_thread_blocked, id=9804, stack(0x000000062e000000,0x000000062e100000)]
  0x000001c1ff07b9c0 JavaThread "Finalizer" daemon [_thread_blocked, id=12676, stack(0x000000062e100000,0x000000062e200000)]
  0x000001c1ff0912a0 JavaThread "Signal Dispatcher" daemon [_thread_blocked, id=14128, stack(0x000000062e200000,0x000000062e300000)]
  0x000001c1ff092450 JavaThread "Attach Listener" daemon [_thread_blocked, id=9988, stack(0x000000062e300000,0x000000062e400000)]
  0x000001c1ff092df0 JavaThread "Service Thread" daemon [_thread_blocked, id=15672, stack(0x000000062e400000,0x000000062e500000)]
  0x000001c1ff093790 JavaThread "Monitor Deflation Thread" daemon [_thread_blocked, id=7728, stack(0x000000062e500000,0x000000062e600000)]
  0x000001c1ff094db0 JavaThread "C2 CompilerThread0" daemon [_thread_blocked, id=11216, stack(0x000000062e600000,0x000000062e700000)]
  0x000001c1ff098dd0 JavaThread "C1 CompilerThread0" daemon [_thread_blocked, id=16352, stack(0x000000062e700000,0x000000062e800000)]
  0x000001c1ff09b900 JavaThread "Sweeper thread" daemon [_thread_blocked, id=16376, stack(0x000000062e800000,0x000000062e900000)]
  0x000001c1ff0615b0 JavaThread "Common-Cleaner" daemon [_thread_blocked, id=4600, stack(0x000000062e900000,0x000000062ea00000)]
  0x000001c19ee22ac0 JavaThread "Notification Thread" daemon [_thread_blocked, id=11068, stack(0x000000062ea00000,0x000000062eb00000)]
  0x000001c1a0556400 JavaThread "Daemon health stats" [_thread_blocked, id=16132, stack(0x000000062f000000,0x000000062f100000)]
  0x000001c19f64e890 JavaThread "Incoming local TCP Connector on port 52529" [_thread_in_native, id=1596, stack(0x000000062ef00000,0x000000062f000000)]
  0x000001c1a0526430 JavaThread "Daemon periodic checks" [_thread_blocked, id=10328, stack(0x000000062f100000,0x000000062f200000)]
  0x000001c19f535e80 JavaThread "Cache worker for journal cache (C:\Users\mattia\.gradle\caches\journal-1)" [_thread_blocked, id=10016, stack(0x000000062f900000,0x000000062fa00000)]
  0x000001c19f533800 JavaThread "File lock request listener" [_thread_in_native, id=4588, stack(0x000000062fa00000,0x000000062fb00000)]
  0x000001c19f5341a0 JavaThread "Cache worker for file hash cache (C:\Users\mattia\.gradle\caches\8.4\fileHashes)" [_thread_blocked, id=10560, stack(0x000000062fb00000,0x000000062fc00000)]
  0x000001c19f534b40 JavaThread "File watcher server" daemon [_thread_blocked, id=3800, stack(0x000000062fd00000,0x000000062fe00000)]
  0x000001c1a256e1c0 JavaThread "File watcher consumer" daemon [_thread_blocked, id=11048, stack(0x000000062fe00000,0x000000062ff00000)]
  0x000001c1a25694c0 JavaThread "Cache worker for file content cache (C:\Users\mattia\.gradle\caches\8.4\fileContent)" [_thread_blocked, id=1584, stack(0x0000000630200000,0x0000000630300000)]
  0x000001c1a256f500 JavaThread "Cache worker for execution history cache (C:\Users\mattia\.gradle\caches\8.4\executionHistory)" [_thread_blocked, id=3776, stack(0x0000000630400000,0x0000000630500000)]
  0x000001c1a256ce80 JavaThread "Cache worker for kotlin-dsl (C:\Users\mattia\.gradle\caches\8.4\kotlin-dsl)" [_thread_blocked, id=2936, stack(0x0000000630500000,0x0000000630600000)]
  0x000001c1a2568ff0 JavaThread "jar transforms" [_thread_blocked, id=14828, stack(0x0000000630600000,0x0000000630700000)]
  0x000001c1a256acd0 JavaThread "jar transforms Thread 2" [_thread_blocked, id=7720, stack(0x0000000630700000,0x0000000630800000)]
  0x000001c1a256bb40 JavaThread "jar transforms Thread 3" [_thread_blocked, id=11132, stack(0x0000000630800000,0x0000000630900000)]
  0x000001c1a256c010 JavaThread "jar transforms Thread 4" [_thread_blocked, id=7828, stack(0x0000000630900000,0x0000000630a00000)]
  0x000001c19f5354e0 JavaThread "Memory manager" [_thread_blocked, id=5960, stack(0x0000000631000000,0x0000000631100000)]
  0x000001c1a2569e60 JavaThread "RMI Scheduler(0)" daemon [_thread_blocked, id=5980, stack(0x0000000630f00000,0x0000000631000000)]
  0x000001c1a47ee6e0 JavaThread "RMI GC Daemon" daemon [_thread_blocked, id=2996, stack(0x0000000634400000,0x0000000634500000)]
  0x000001c1a47edd40 JavaThread "RMI TCP Accept-0" daemon [_thread_in_native, id=8544, stack(0x0000000634500000,0x0000000634600000)]
  0x000001c1a47efa20 JavaThread "RMI Reaper" [_thread_blocked, id=3824, stack(0x0000000634600000,0x0000000634700000)]
  0x000001c1a47ed870 JavaThread "Cache worker for Java compile cache (C:\Users\mattia\.gradle\caches\8.4\javaCompile)" [_thread_blocked, id=15532, stack(0x0000000634700000,0x0000000634800000)]
  0x000001c1a47eebb0 JavaThread "Daemon Thread 2" [_thread_blocked, id=9940, stack(0x000000062d600000,0x000000062d700000)]
  0x000001c1a4957400 JavaThread "Handler for socket connection from /127.0.0.1:52529 to /127.0.0.1:52600" [_thread_in_native, id=12244, stack(0x000000062d700000,0x000000062d800000)]
  0x000001c1a4a9a840 JavaThread "Cancel handler" [_thread_blocked, id=14972, stack(0x000000062d800000,0x000000062d900000)]
  0x000001c1a4a99500 JavaThread "Daemon worker Thread 2" [_thread_blocked, id=12596, stack(0x000000062f200000,0x000000062f300000)]
  0x000001c1a91936f0 JavaThread "Asynchronous log dispatcher for DefaultDaemonConnection: socket connection from /127.0.0.1:52529 to /127.0.0.1:52600" [_thread_blocked, id=3372, stack(0x000000062f300000,0x000000062f400000)]
  0x000001c1a9192d50 JavaThread "Stdin handler" [_thread_blocked, id=7380, stack(0x000000062f400000,0x000000062f500000)]
  0x000001c1a9193220 JavaThread "Daemon client event forwarder" [_thread_blocked, id=9772, stack(0x000000062f500000,0x000000062f600000)]
  0x000001c1a4956f30 JavaThread "Cache worker for checksums cache (D:\Freelance\AlaaGallo\AlaaGallo\AlaaGallo\.gradle\8.4\checksums)" [_thread_blocked, id=12320, stack(0x000000062f700000,0x000000062f800000)]
  0x000001c1a4955bf0 JavaThread "Cache worker for file hash cache (D:\Freelance\AlaaGallo\AlaaGallo\AlaaGallo\.gradle\8.4\fileHashes)" [_thread_blocked, id=3560, stack(0x000000062f800000,0x000000062f900000)]
  0x000001c1a47ef550 JavaThread "Cache worker for cache directory md-supplier (C:\Users\mattia\.gradle\caches\8.4\md-supplier)" [_thread_blocked, id=7760, stack(0x000000062fc00000,0x000000062fd00000)]
  0x000001c1a47ec530 JavaThread "Cache worker for cache directory md-rule (C:\Users\mattia\.gradle\caches\8.4\md-rule)" [_thread_blocked, id=10684, stack(0x000000062ff00000,0x0000000630000000)]
  0x000001c1a47eced0 JavaThread "Cache worker for dependencies-accessors (D:\Freelance\AlaaGallo\AlaaGallo\AlaaGallo\.gradle\8.4\dependencies-accessors)" [_thread_blocked, id=16224, stack(0x0000000630000000,0x0000000630100000)]
  0x000001c1a93e4710 JavaThread "Cache worker for Build Output Cleanup Cache (D:\Freelance\AlaaGallo\AlaaGallo\AlaaGallo\.gradle\buildOutputCleanup)" [_thread_blocked, id=13404, stack(0x0000000630100000,0x0000000630200000)]
  0x000001c1a4a99030 JavaThread "Unconstrained build operations" [_thread_blocked, id=4976, stack(0x0000000630300000,0x0000000630400000)]
  0x000001c1a4a99ea0 JavaThread "Unconstrained build operations Thread 2" [_thread_blocked, id=7708, stack(0x0000000630a00000,0x0000000630b00000)]
  0x000001c1a4a9a370 JavaThread "Unconstrained build operations Thread 3" [_thread_blocked, id=1860, stack(0x0000000630b00000,0x0000000630c00000)]
  0x000001c1a47ee210 JavaThread "build event listener" [_thread_blocked, id=6800, stack(0x0000000630c00000,0x0000000630d00000)]
  0x000001c1a31af010 JavaThread "build event listener" [_thread_blocked, id=916, stack(0x0000000630d00000,0x0000000630e00000)]
  0x000001c1a3483070 JavaThread "C2 CompilerThread1" daemon [_thread_blocked, id=3580, stack(0x000000062f600000,0x000000062f700000)]
  0x000001c1a49636c0 JavaThread "included builds" [_thread_blocked, id=5956, stack(0x0000000630e00000,0x0000000630f00000)]
  0x000001c1a93e3d70 JavaThread "Execution worker" [_thread_blocked, id=13560, stack(0x0000000631100000,0x0000000631200000)]
  0x000001c1a93e5f20 JavaThread "Execution worker Thread 2" [_thread_blocked, id=9732, stack(0x0000000631200000,0x0000000631300000)]
  0x000001c1a93e68c0 JavaThread "Execution worker Thread 3" [_thread_blocked, id=13660, stack(0x0000000631300000,0x0000000631400000)]
  0x000001c1a4961eb0 JavaThread "Cache worker for execution history cache (D:\Freelance\AlaaGallo\AlaaGallo\AlaaGallo\.gradle\8.4\executionHistory)" [_thread_blocked, id=10208, stack(0x0000000631400000,0x0000000631500000)]

Other Threads:
  0x000001c1fbf80a70 VMThread "VM Thread" [stack: 0x000000062df00000,0x000000062e000000] [id=14936]
  0x000001c1fbf0b2b0 WatcherThread "VM Periodic Task Thread" [stack: 0x000000062eb00000,0x000000062ec00000] [id=8112]
  0x000001c1fbf68bf0 WorkerThread "GC Thread#0" [stack: 0x000000062da00000,0x000000062db00000] [id=15776]
  0x000001c19efa3b20 WorkerThread "GC Thread#1" [stack: 0x000000062ec00000,0x000000062ed00000] [id=16380]
=>0x000001c19efa3dc0 WorkerThread "GC Thread#2" [stack: 0x000000062ed00000,0x000000062ee00000] [id=6340]
  0x000001c19ee95130 WorkerThread "GC Thread#3" [stack: 0x000000062ee00000,0x000000062ef00000] [id=9252]
  0x000001c1fbf79b20 ConcurrentGCThread "G1 Main Marker" [stack: 0x000000062db00000,0x000000062dc00000] [id=15720]
  0x000001c1fbf7a510 WorkerThread "G1 Conc#0" [stack: 0x000000062dc00000,0x000000062dd00000] [id=8240]
  0x000001c1fbfbe4e0 ConcurrentGCThread "G1 Refine#0" [stack: 0x000000062dd00000,0x000000062de00000] [id=7816]
  0x000001c1fef29160 ConcurrentGCThread "G1 Service" [stack: 0x000000062de00000,0x000000062df00000] [id=7944]

Threads with active compile tasks:
C2 CompilerThread0   240807 22051       4       org.gradle.internal.component.model.DefaultAttributeMatcher::matches (169 bytes)

VM state: at safepoint (normal execution)

VM Mutex/Monitor currently owned by a thread:  ([mutex/lock_event])
[0x000001c1fbf06aa0] Threads_lock - owner thread: 0x000001c1fbf80a70
[0x000001c1fbf05930] Heap_lock - owner thread: 0x000001c1a49636c0

Heap address: 0x0000000080000000, size: 2048 MB, Compressed Oops mode: 32-bit

CDS archive(s) mapped at: [0x0000000800000000-0x0000000800ba0000-0x0000000800ba0000), size 12189696, SharedBaseAddress: 0x0000000800000000, ArchiveRelocationMode: 0.
Compressed class space mapped at: 0x0000000800c00000-0x0000000840c00000, reserved size: 1073741824
Narrow klass base: 0x0000000800000000, Narrow klass shift: 0, Narrow klass range: 0x100000000

GC Precious Log:
 CardTable entry size: 512
 Card Set container configuration: InlinePtr #cards 5 size 8 Array Of Cards #cards 12 size 40 Howl #buckets 4 coarsen threshold 1843 Howl Bitmap #cards 512 size 80 coarsen threshold 460 Card regions per heap region 1 cards per card region 2048
 CPUs: 4 total, 4 available
 Memory: 16240M
 Large Page Support: Disabled
 NUMA Support: Disabled
 Compressed Oops: Enabled (32-bit)
 Heap Region Size: 1M
 Heap Min Capacity: 8M
 Heap Initial Capacity: 254M
 Heap Max Capacity: 2G
 Pre-touch: Disabled
 Parallel Workers: 4
 Concurrent Workers: 1
 Concurrent Refinement Workers: 4
 Periodic GC: Disabled

Heap:
 garbage-first heap   total 336896K, used 305558K [0x0000000080000000, 0x0000000100000000)
  region size 1024K, 110 young (112640K), 13 survivors (13312K)
 Metaspace       used 136207K, committed 138624K, reserved 1179648K
  class space    used 18430K, committed 19712K, reserved 1048576K

Heap Regions: E=young(eden), S=young(survivor), O=old, HS=humongous(starts), HC=humongous(continues), CS=collection set, F=free, OA=open archive, CA=closed archive, TAMS=top-at-mark-start (previous, next)
|   0|0x0000000080000000, 0x0000000080100000, 0x0000000080100000|100%| O|  |TAMS 0x0000000080100000, 0x0000000080000000| Untracked 
|   1|0x0000000080100000, 0x0000000080200000, 0x0000000080200000|100%| O|  |TAMS 0x0000000080200000, 0x0000000080100000| Untracked 
|   2|0x0000000080200000, 0x0000000080300000, 0x0000000080300000|100%|HS|  |TAMS 0x0000000080300000, 0x0000000080200000| Complete 
|   3|0x0000000080300000, 0x0000000080400000, 0x0000000080400000|100%|HC|  |TAMS 0x0000000080400000, 0x0000000080300000| Complete 
|   4|0x0000000080400000, 0x0000000080500000, 0x0000000080500000|100%|HC|  |TAMS 0x0000000080500000, 0x0000000080400000| Complete 
|   5|0x0000000080500000, 0x0000000080600000, 0x0000000080600000|100%|HC|  |TAMS 0x0000000080600000, 0x0000000080500000| Complete 
|   6|0x0000000080600000, 0x0000000080700000, 0x0000000080700000|100%| O|  |TAMS 0x0000000080700000, 0x0000000080600000| Untracked 
|   7|0x0000000080700000, 0x0000000080800000, 0x0000000080800000|100%| O|  |TAMS 0x0000000080800000, 0x0000000080700000| Untracked 
|   8|0x0000000080800000, 0x0000000080900000, 0x0000000080900000|100%| O|  |TAMS 0x0000000080900000, 0x0000000080800000| Untracked 
|   9|0x0000000080900000, 0x0000000080a00000, 0x0000000080a00000|100%| O|  |TAMS 0x0000000080a00000, 0x0000000080900000| Untracked 
|  10|0x0000000080a00000, 0x0000000080ad7e00, 0x0000000080b00000| 84%| O|  |TAMS 0x0000000080ad7e00, 0x0000000080a00000| Untracked 
|  11|0x0000000080b00000, 0x0000000080c00000, 0x0000000080c00000|100%| O|  |TAMS 0x0000000080c00000, 0x0000000080b00000| Untracked 
|  12|0x0000000080c00000, 0x0000000080d00000, 0x0000000080d00000|100%| O|  |TAMS 0x0000000080d00000, 0x0000000080c00000| Untracked 
|  13|0x0000000080d00000, 0x0000000080e00000, 0x0000000080e00000|100%| O|  |TAMS 0x0000000080e00000, 0x0000000080d00000| Untracked 
|  14|0x0000000080e00000, 0x0000000080f00000, 0x0000000080f00000|100%| O|  |TAMS 0x0000000080f00000, 0x0000000080e00000| Untracked 
|  15|0x0000000080f00000, 0x0000000081000000, 0x0000000081000000|100%| O|  |TAMS 0x0000000081000000, 0x0000000080f00000| Untracked 
|  16|0x0000000081000000, 0x0000000081100000, 0x0000000081100000|100%| O|  |TAMS 0x0000000081100000, 0x0000000081000000| Untracked 
|  17|0x0000000081100000, 0x0000000081200000, 0x0000000081200000|100%| O|  |TAMS 0x0000000081200000, 0x0000000081100000| Untracked 
|  18|0x0000000081200000, 0x0000000081300000, 0x0000000081300000|100%| O|  |TAMS 0x0000000081300000, 0x0000000081200000| Untracked 
|  19|0x0000000081300000, 0x0000000081400000, 0x0000000081400000|100%| O|  |TAMS 0x0000000081400000, 0x0000000081300000| Untracked 
|  20|0x0000000081400000, 0x0000000081500000, 0x0000000081500000|100%| O|  |TAMS 0x0000000081500000, 0x0000000081400000| Untracked 
|  21|0x0000000081500000, 0x0000000081600000, 0x0000000081600000|100%| O|  |TAMS 0x0000000081600000, 0x0000000081500000| Untracked 
|  22|0x0000000081600000, 0x0000000081700000, 0x0000000081700000|100%| O|  |TAMS 0x0000000081700000, 0x0000000081600000| Untracked 
|  23|0x0000000081700000, 0x0000000081800000, 0x0000000081800000|100%| O|  |TAMS 0x0000000081800000, 0x0000000081700000| Untracked 
|  24|0x0000000081800000, 0x0000000081900000, 0x0000000081900000|100%| O|  |TAMS 0x0000000081900000, 0x0000000081800000| Untracked 
|  25|0x0000000081900000, 0x0000000081a00000, 0x0000000081a00000|100%| O|  |TAMS 0x0000000081a00000, 0x0000000081900000| Untracked 
|  26|0x0000000081a00000, 0x0000000081b00000, 0x0000000081b00000|100%| O|  |TAMS 0x0000000081b00000, 0x0000000081a00000| Untracked 
|  27|0x0000000081b00000, 0x0000000081c00000, 0x0000000081c00000|100%| O|  |TAMS 0x0000000081c00000, 0x0000000081b00000| Untracked 
|  28|0x0000000081c00000, 0x0000000081d00000, 0x0000000081d00000|100%| O|  |TAMS 0x0000000081d00000, 0x0000000081c00000| Untracked 
|  29|0x0000000081d00000, 0x0000000081e00000, 0x0000000081e00000|100%| O|  |TAMS 0x0000000081e00000, 0x0000000081d00000| Untracked 
|  30|0x0000000081e00000, 0x0000000081f00000, 0x0000000081f00000|100%| O|  |TAMS 0x0000000081f00000, 0x0000000081e00000| Untracked 
|  31|0x0000000081f00000, 0x0000000082000000, 0x0000000082000000|100%| O|  |TAMS 0x0000000082000000, 0x0000000081f00000| Untracked 
|  32|0x0000000082000000, 0x0000000082100000, 0x0000000082100000|100%| O|  |TAMS 0x0000000082100000, 0x0000000082000000| Untracked 
|  33|0x0000000082100000, 0x0000000082200000, 0x0000000082200000|100%| O|  |TAMS 0x0000000082200000, 0x0000000082100000| Untracked 
|  34|0x0000000082200000, 0x0000000082300000, 0x0000000082300000|100%| O|  |TAMS 0x0000000082300000, 0x0000000082200000| Untracked 
|  35|0x0000000082300000, 0x0000000082400000, 0x0000000082400000|100%| O|  |TAMS 0x0000000082400000, 0x0000000082300000| Untracked 
|  36|0x0000000082400000, 0x0000000082500000, 0x0000000082500000|100%| O|  |TAMS 0x0000000082400000, 0x0000000082400000| Untracked 
|  37|0x0000000082500000, 0x0000000082600000, 0x0000000082600000|100%| O|  |TAMS 0x0000000082600000, 0x0000000082500000| Untracked 
|  38|0x0000000082600000, 0x0000000082700000, 0x0000000082700000|100%| O|  |TAMS 0x0000000082600000, 0x0000000082600000| Untracked 
|  39|0x0000000082700000, 0x0000000082800000, 0x0000000082800000|100%| O|  |TAMS 0x0000000082700000, 0x0000000082700000| Untracked 
|  40|0x0000000082800000, 0x0000000082900000, 0x0000000082900000|100%| O|  |TAMS 0x0000000082900000, 0x0000000082800000| Untracked 
|  41|0x0000000082900000, 0x0000000082a00000, 0x0000000082a00000|100%|HS|  |TAMS 0x0000000082a00000, 0x0000000082900000| Complete 
|  42|0x0000000082a00000, 0x0000000082b00000, 0x0000000082b00000|100%|HS|  |TAMS 0x0000000082b00000, 0x0000000082a00000| Complete 
|  43|0x0000000082b00000, 0x0000000082c00000, 0x0000000082c00000|100%|HS|  |TAMS 0x0000000082c00000, 0x0000000082b00000| Complete 
|  44|0x0000000082c00000, 0x0000000082d00000, 0x0000000082d00000|100%|HC|  |TAMS 0x0000000082d00000, 0x0000000082c00000| Complete 
|  45|0x0000000082d00000, 0x0000000082e00000, 0x0000000082e00000|100%| O|  |TAMS 0x0000000082e00000, 0x0000000082d00000| Untracked 
|  46|0x0000000082e00000, 0x0000000082f00000, 0x0000000082f00000|100%| O|  |TAMS 0x0000000082f00000, 0x0000000082e00000| Untracked 
|  47|0x0000000082f00000, 0x0000000083000000, 0x0000000083000000|100%| O|  |TAMS 0x0000000083000000, 0x0000000082f00000| Untracked 
|  48|0x0000000083000000, 0x0000000083100000, 0x0000000083100000|100%| O|  |TAMS 0x0000000083100000, 0x0000000083000000| Untracked 
|  49|0x0000000083100000, 0x0000000083200000, 0x0000000083200000|100%|HS|  |TAMS 0x0000000083200000, 0x0000000083100000| Complete 
|  50|0x0000000083200000, 0x0000000083300000, 0x0000000083300000|100%|HC|  |TAMS 0x0000000083300000, 0x0000000083200000| Complete 
|  51|0x0000000083300000, 0x0000000083400000, 0x0000000083400000|100%|HS|  |TAMS 0x0000000083400000, 0x0000000083300000| Complete 
|  52|0x0000000083400000, 0x0000000083500000, 0x0000000083500000|100%|HS|  |TAMS 0x0000000083500000, 0x0000000083400000| Complete 
|  53|0x0000000083500000, 0x0000000083600000, 0x0000000083600000|100%|HC|  |TAMS 0x0000000083600000, 0x0000000083500000| Complete 
|  54|0x0000000083600000, 0x0000000083700000, 0x0000000083700000|100%|HC|  |TAMS 0x0000000083700000, 0x0000000083600000| Complete 
|  55|0x0000000083700000, 0x0000000083800000, 0x0000000083800000|100%|HC|  |TAMS 0x0000000083800000, 0x0000000083700000| Complete 
|  56|0x0000000083800000, 0x0000000083900000, 0x0000000083900000|100%| O|  |TAMS 0x0000000083900000, 0x0000000083800000| Untracked 
|  57|0x0000000083900000, 0x0000000083a00000, 0x0000000083a00000|100%|HS|  |TAMS 0x0000000083a00000, 0x0000000083900000| Complete 
|  58|0x0000000083a00000, 0x0000000083b00000, 0x0000000083b00000|100%|HS|  |TAMS 0x0000000083b00000, 0x0000000083a00000| Complete 
|  59|0x0000000083b00000, 0x0000000083c00000, 0x0000000083c00000|100%| O|  |TAMS 0x0000000083c00000, 0x0000000083b00000| Untracked 
|  60|0x0000000083c00000, 0x0000000083d00000, 0x0000000083d00000|100%| O|  |TAMS 0x0000000083d00000, 0x0000000083c00000| Untracked 
|  61|0x0000000083d00000, 0x0000000083e00000, 0x0000000083e00000|100%| O|  |TAMS 0x0000000083e00000, 0x0000000083d00000| Untracked 
|  62|0x0000000083e00000, 0x0000000083f00000, 0x0000000083f00000|100%| O|  |TAMS 0x0000000083f00000, 0x0000000083e00000| Untracked 
|  63|0x0000000083f00000, 0x0000000084000000, 0x0000000084000000|100%| O|  |TAMS 0x0000000084000000, 0x0000000083f00000| Untracked 
|  64|0x0000000084000000, 0x0000000084100000, 0x0000000084100000|100%| O|  |TAMS 0x0000000084100000, 0x0000000084000000| Untracked 
|  65|0x0000000084100000, 0x0000000084200000, 0x0000000084200000|100%| O|  |TAMS 0x0000000084200000, 0x0000000084100000| Untracked 
|  66|0x0000000084200000, 0x0000000084300000, 0x0000000084300000|100%| O|  |TAMS 0x0000000084300000, 0x0000000084200000| Untracked 
|  67|0x0000000084300000, 0x0000000084400000, 0x0000000084400000|100%|HS|  |TAMS 0x0000000084400000, 0x0000000084300000| Complete 
|  68|0x0000000084400000, 0x0000000084500000, 0x0000000084500000|100%|HC|  |TAMS 0x0000000084500000, 0x0000000084400000| Complete 
|  69|0x0000000084500000, 0x0000000084600000, 0x0000000084600000|100%|HC|  |TAMS 0x0000000084600000, 0x0000000084500000| Complete 
|  70|0x0000000084600000, 0x0000000084700000, 0x0000000084700000|100%|HC|  |TAMS 0x0000000084700000, 0x0000000084600000| Complete 
|  71|0x0000000084700000, 0x0000000084800000, 0x0000000084800000|100%| O|  |TAMS 0x0000000084800000, 0x0000000084700000| Untracked 
|  72|0x0000000084800000, 0x0000000084900000, 0x0000000084900000|100%| O|  |TAMS 0x0000000084900000, 0x0000000084800000| Untracked 
|  73|0x0000000084900000, 0x0000000084a00000, 0x0000000084a00000|100%| O|  |TAMS 0x0000000084a00000, 0x0000000084900000| Untracked 
|  74|0x0000000084a00000, 0x0000000084b00000, 0x0000000084b00000|100%| O|  |TAMS 0x0000000084b00000, 0x0000000084a00000| Untracked 
|  75|0x0000000084b00000, 0x0000000084c00000, 0x0000000084c00000|100%| O|  |TAMS 0x0000000084c00000, 0x0000000084b00000| Untracked 
|  76|0x0000000084c00000, 0x0000000084d00000, 0x0000000084d00000|100%| O|  |TAMS 0x0000000084d00000, 0x0000000084c00000| Untracked 
|  77|0x0000000084d00000, 0x0000000084e00000, 0x0000000084e00000|100%| O|  |TAMS 0x0000000084e00000, 0x0000000084d00000| Untracked 
|  78|0x0000000084e00000, 0x0000000084f00000, 0x0000000084f00000|100%| O|  |TAMS 0x0000000084f00000, 0x0000000084e00000| Untracked 
|  79|0x0000000084f00000, 0x0000000085000000, 0x0000000085000000|100%| O|  |TAMS 0x0000000085000000, 0x0000000084f00000| Untracked 
|  80|0x0000000085000000, 0x0000000085100000, 0x0000000085100000|100%| O|  |TAMS 0x0000000085100000, 0x0000000085000000| Untracked 
|  81|0x0000000085100000, 0x0000000085200000, 0x0000000085200000|100%| O|  |TAMS 0x0000000085200000, 0x0000000085100000| Untracked 
|  82|0x0000000085200000, 0x0000000085300000, 0x0000000085300000|100%| O|  |TAMS 0x0000000085300000, 0x0000000085200000| Untracked 
|  83|0x0000000085300000, 0x0000000085400000, 0x0000000085400000|100%| O|  |TAMS 0x0000000085400000, 0x0000000085300000| Untracked 
|  84|0x0000000085400000, 0x0000000085500000, 0x0000000085500000|100%| O|  |TAMS 0x0000000085500000, 0x0000000085400000| Untracked 
|  85|0x0000000085500000, 0x0000000085600000, 0x0000000085600000|100%| O|  |TAMS 0x0000000085600000, 0x0000000085500000| Untracked 
|  86|0x0000000085600000, 0x0000000085700000, 0x0000000085700000|100%| O|  |TAMS 0x0000000085700000, 0x0000000085600000| Untracked 
|  87|0x0000000085700000, 0x0000000085800000, 0x0000000085800000|100%| O|  |TAMS 0x0000000085800000, 0x0000000085700000| Untracked 
|  88|0x0000000085800000, 0x0000000085900000, 0x0000000085900000|100%| O|  |TAMS 0x0000000085900000, 0x0000000085800000| Untracked 
|  89|0x0000000085900000, 0x0000000085a00000, 0x0000000085a00000|100%| O|  |TAMS 0x0000000085937800, 0x0000000085900000| Untracked 
|  90|0x0000000085a00000, 0x0000000085b00000, 0x0000000085b00000|100%| O|  |TAMS 0x0000000085a00000, 0x0000000085a00000| Untracked 
|  91|0x0000000085b00000, 0x0000000085c00000, 0x0000000085c00000|100%| O|  |TAMS 0x0000000085b00000, 0x0000000085b00000| Untracked 
|  92|0x0000000085c00000, 0x0000000085d00000, 0x0000000085d00000|100%| O|  |TAMS 0x0000000085c00000, 0x0000000085c00000| Untracked 
|  93|0x0000000085d00000, 0x0000000085e00000, 0x0000000085e00000|100%| O|  |TAMS 0x0000000085d00000, 0x0000000085d00000| Untracked 
|  94|0x0000000085e00000, 0x0000000085f00000, 0x0000000085f00000|100%| O|  |TAMS 0x0000000085e00000, 0x0000000085e00000| Untracked 
|  95|0x0000000085f00000, 0x0000000086000000, 0x0000000086000000|100%| O|  |TAMS 0x0000000085f00000, 0x0000000085f00000| Untracked 
|  96|0x0000000086000000, 0x0000000086100000, 0x0000000086100000|100%| O|  |TAMS 0x0000000086000000, 0x0000000086000000| Untracked 
|  97|0x0000000086100000, 0x0000000086200000, 0x0000000086200000|100%| O|  |TAMS 0x0000000086100000, 0x0000000086100000| Untracked 
|  98|0x0000000086200000, 0x0000000086300000, 0x0000000086300000|100%| O|  |TAMS 0x0000000086200000, 0x0000000086200000| Untracked 
|  99|0x0000000086300000, 0x0000000086400000, 0x0000000086400000|100%| O|  |TAMS 0x0000000086300000, 0x0000000086300000| Untracked 
| 100|0x0000000086400000, 0x0000000086500000, 0x0000000086500000|100%| O|  |TAMS 0x0000000086400000, 0x0000000086400000| Untracked 
| 101|0x0000000086500000, 0x0000000086600000, 0x0000000086600000|100%| O|  |TAMS 0x0000000086500000, 0x0000000086500000| Untracked 
| 102|0x0000000086600000, 0x0000000086700000, 0x0000000086700000|100%| O|  |TAMS 0x0000000086600000, 0x0000000086600000| Untracked 
| 103|0x0000000086700000, 0x0000000086800000, 0x0000000086800000|100%| O|  |TAMS 0x0000000086700000, 0x0000000086700000| Untracked 
| 104|0x0000000086800000, 0x0000000086900000, 0x0000000086900000|100%| O|  |TAMS 0x0000000086800000, 0x0000000086800000| Untracked 
| 105|0x0000000086900000, 0x0000000086a00000, 0x0000000086a00000|100%| O|  |TAMS 0x0000000086900000, 0x0000000086900000| Untracked 
| 106|0x0000000086a00000, 0x0000000086b00000, 0x0000000086b00000|100%| O|  |TAMS 0x0000000086a00000, 0x0000000086a00000| Untracked 
| 107|0x0000000086b00000, 0x0000000086c00000, 0x0000000086c00000|100%| O|  |TAMS 0x0000000086b00000, 0x0000000086b00000| Untracked 
| 108|0x0000000086c00000, 0x0000000086d00000, 0x0000000086d00000|100%| O|  |TAMS 0x0000000086c00000, 0x0000000086c00000| Untracked 
| 109|0x0000000086d00000, 0x0000000086e00000, 0x0000000086e00000|100%| O|  |TAMS 0x0000000086d00000, 0x0000000086d00000| Untracked 
| 110|0x0000000086e00000, 0x0000000086f00000, 0x0000000086f00000|100%| O|  |TAMS 0x0000000086e00000, 0x0000000086e00000| Untracked 
| 111|0x0000000086f00000, 0x0000000087000000, 0x0000000087000000|100%| O|  |TAMS 0x0000000086f00000, 0x0000000086f00000| Untracked 
| 112|0x0000000087000000, 0x0000000087100000, 0x0000000087100000|100%| O|  |TAMS 0x0000000087000000, 0x0000000087000000| Untracked 
| 113|0x0000000087100000, 0x0000000087200000, 0x0000000087200000|100%| O|  |TAMS 0x0000000087100000, 0x0000000087100000| Untracked 
| 114|0x0000000087200000, 0x0000000087300000, 0x0000000087300000|100%| O|  |TAMS 0x0000000087200000, 0x0000000087200000| Untracked 
| 115|0x0000000087300000, 0x0000000087400000, 0x0000000087400000|100%| O|  |TAMS 0x0000000087300000, 0x0000000087300000| Untracked 
| 116|0x0000000087400000, 0x0000000087500000, 0x0000000087500000|100%| O|  |TAMS 0x0000000087400000, 0x0000000087400000| Untracked 
| 117|0x0000000087500000, 0x0000000087600000, 0x0000000087600000|100%| O|  |TAMS 0x0000000087500000, 0x0000000087500000| Untracked 
| 118|0x0000000087600000, 0x0000000087700000, 0x0000000087700000|100%| O|  |TAMS 0x0000000087600000, 0x0000000087600000| Untracked 
| 119|0x0000000087700000, 0x0000000087800000, 0x0000000087800000|100%| O|  |TAMS 0x0000000087700000, 0x0000000087700000| Untracked 
| 120|0x0000000087800000, 0x0000000087900000, 0x0000000087900000|100%| O|  |TAMS 0x0000000087800000, 0x0000000087800000| Untracked 
| 121|0x0000000087900000, 0x0000000087a00000, 0x0000000087a00000|100%| O|  |TAMS 0x0000000087900000, 0x0000000087900000| Untracked 
| 122|0x0000000087a00000, 0x0000000087b00000, 0x0000000087b00000|100%| O|  |TAMS 0x0000000087a00000, 0x0000000087a00000| Untracked 
| 123|0x0000000087b00000, 0x0000000087c00000, 0x0000000087c00000|100%| O|  |TAMS 0x0000000087b00000, 0x0000000087b00000| Untracked 
| 124|0x0000000087c00000, 0x0000000087d00000, 0x0000000087d00000|100%| O|  |TAMS 0x0000000087c00000, 0x0000000087c00000| Untracked 
| 125|0x0000000087d00000, 0x0000000087e00000, 0x0000000087e00000|100%| O|  |TAMS 0x0000000087d00000, 0x0000000087d00000| Untracked 
| 126|0x0000000087e00000, 0x0000000087f00000, 0x0000000087f00000|100%| O|  |TAMS 0x0000000087e00000, 0x0000000087e00000| Untracked 
| 127|0x0000000087f00000, 0x0000000088000000, 0x0000000088000000|100%| O|  |TAMS 0x0000000087f00000, 0x0000000087f00000| Untracked 
| 128|0x0000000088000000, 0x0000000088100000, 0x0000000088100000|100%| O|  |TAMS 0x0000000088000000, 0x0000000088000000| Untracked 
| 129|0x0000000088100000, 0x0000000088200000, 0x0000000088200000|100%| O|  |TAMS 0x0000000088100000, 0x0000000088100000| Untracked 
| 130|0x0000000088200000, 0x0000000088300000, 0x0000000088300000|100%| O|  |TAMS 0x0000000088200000, 0x0000000088200000| Untracked 
| 131|0x0000000088300000, 0x0000000088400000, 0x0000000088400000|100%| O|  |TAMS 0x0000000088300000, 0x0000000088300000| Untracked 
| 132|0x0000000088400000, 0x0000000088500000, 0x0000000088500000|100%| O|  |TAMS 0x0000000088400000, 0x0000000088400000| Untracked 
| 133|0x0000000088500000, 0x0000000088600000, 0x0000000088600000|100%| O|  |TAMS 0x0000000088500000, 0x0000000088500000| Untracked 
| 134|0x0000000088600000, 0x0000000088700000, 0x0000000088700000|100%| O|  |TAMS 0x0000000088600000, 0x0000000088600000| Untracked 
| 135|0x0000000088700000, 0x0000000088800000, 0x0000000088800000|100%| O|  |TAMS 0x0000000088700000, 0x0000000088700000| Untracked 
| 136|0x0000000088800000, 0x0000000088900000, 0x0000000088900000|100%| O|  |TAMS 0x0000000088800000, 0x0000000088800000| Untracked 
| 137|0x0000000088900000, 0x0000000088a00000, 0x0000000088a00000|100%| O|  |TAMS 0x0000000088900000, 0x0000000088900000| Untracked 
| 138|0x0000000088a00000, 0x0000000088b00000, 0x0000000088b00000|100%| O|  |TAMS 0x0000000088a00000, 0x0000000088a00000| Untracked 
| 139|0x0000000088b00000, 0x0000000088c00000, 0x0000000088c00000|100%| O|  |TAMS 0x0000000088b00000, 0x0000000088b00000| Untracked 
| 140|0x0000000088c00000, 0x0000000088d00000, 0x0000000088d00000|100%| O|  |TAMS 0x0000000088c00000, 0x0000000088c00000| Untracked 
| 141|0x0000000088d00000, 0x0000000088e00000, 0x0000000088e00000|100%| O|  |TAMS 0x0000000088d00000, 0x0000000088d00000| Untracked 
| 142|0x0000000088e00000, 0x0000000088f00000, 0x0000000088f00000|100%| O|  |TAMS 0x0000000088e00000, 0x0000000088e00000| Untracked 
| 143|0x0000000088f00000, 0x0000000089000000, 0x0000000089000000|100%| O|  |TAMS 0x0000000088f00000, 0x0000000088f00000| Untracked 
| 144|0x0000000089000000, 0x0000000089100000, 0x0000000089100000|100%| O|  |TAMS 0x0000000089000000, 0x0000000089000000| Untracked 
| 145|0x0000000089100000, 0x0000000089200000, 0x0000000089200000|100%|HS|  |TAMS 0x0000000089100000, 0x0000000089100000| Complete 
| 146|0x0000000089200000, 0x0000000089300000, 0x0000000089300000|100%|HC|  |TAMS 0x0000000089200000, 0x0000000089200000| Complete 
| 147|0x0000000089300000, 0x0000000089400000, 0x0000000089400000|100%| O|  |TAMS 0x0000000089300000, 0x0000000089300000| Untracked 
| 148|0x0000000089400000, 0x0000000089500000, 0x0000000089500000|100%| O|  |TAMS 0x0000000089400000, 0x0000000089400000| Untracked 
| 149|0x0000000089500000, 0x0000000089600000, 0x0000000089600000|100%| O|  |TAMS 0x0000000089500000, 0x0000000089500000| Untracked 
| 150|0x0000000089600000, 0x0000000089700000, 0x0000000089700000|100%| O|  |TAMS 0x0000000089600000, 0x0000000089600000| Untracked 
| 151|0x0000000089700000, 0x0000000089800000, 0x0000000089800000|100%| O|  |TAMS 0x0000000089700000, 0x0000000089700000| Untracked 
| 152|0x0000000089800000, 0x0000000089900000, 0x0000000089900000|100%| O|  |TAMS 0x0000000089800000, 0x0000000089800000| Untracked 
| 153|0x0000000089900000, 0x0000000089a00000, 0x0000000089a00000|100%| O|  |TAMS 0x0000000089900000, 0x0000000089900000| Untracked 
| 154|0x0000000089a00000, 0x0000000089b00000, 0x0000000089b00000|100%| O|  |TAMS 0x0000000089a00000, 0x0000000089a00000| Untracked 
| 155|0x0000000089b00000, 0x0000000089c00000, 0x0000000089c00000|100%| O|  |TAMS 0x0000000089b00000, 0x0000000089b00000| Untracked 
| 156|0x0000000089c00000, 0x0000000089d00000, 0x0000000089d00000|100%| O|  |TAMS 0x0000000089c00000, 0x0000000089c00000| Untracked 
| 157|0x0000000089d00000, 0x0000000089e00000, 0x0000000089e00000|100%| O|  |TAMS 0x0000000089d00000, 0x0000000089d00000| Untracked 
| 158|0x0000000089e00000, 0x0000000089f00000, 0x0000000089f00000|100%| O|  |TAMS 0x0000000089e00000, 0x0000000089e00000| Untracked 
| 159|0x0000000089f00000, 0x000000008a000000, 0x000000008a000000|100%| O|  |TAMS 0x0000000089f00000, 0x0000000089f00000| Untracked 
| 160|0x000000008a000000, 0x000000008a100000, 0x000000008a100000|100%| O|  |TAMS 0x000000008a000000, 0x000000008a000000| Untracked 
| 161|0x000000008a100000, 0x000000008a200000, 0x000000008a200000|100%| O|  |TAMS 0x000000008a100000, 0x000000008a100000| Untracked 
| 162|0x000000008a200000, 0x000000008a300000, 0x000000008a300000|100%| O|  |TAMS 0x000000008a200000, 0x000000008a200000| Untracked 
| 163|0x000000008a300000, 0x000000008a400000, 0x000000008a400000|100%| O|  |TAMS 0x000000008a300000, 0x000000008a300000| Untracked 
| 164|0x000000008a400000, 0x000000008a500000, 0x000000008a500000|100%| O|  |TAMS 0x000000008a400000, 0x000000008a400000| Untracked 
| 165|0x000000008a500000, 0x000000008a600000, 0x000000008a600000|100%| O|  |TAMS 0x000000008a500000, 0x000000008a500000| Untracked 
| 166|0x000000008a600000, 0x000000008a700000, 0x000000008a700000|100%| O|  |TAMS 0x000000008a600000, 0x000000008a600000| Untracked 
| 167|0x000000008a700000, 0x000000008a800000, 0x000000008a800000|100%| O|  |TAMS 0x000000008a700000, 0x000000008a700000| Untracked 
| 168|0x000000008a800000, 0x000000008a900000, 0x000000008a900000|100%| O|  |TAMS 0x000000008a800000, 0x000000008a800000| Untracked 
| 169|0x000000008a900000, 0x000000008aa00000, 0x000000008aa00000|100%| O|  |TAMS 0x000000008a900000, 0x000000008a900000| Untracked 
| 170|0x000000008aa00000, 0x000000008ab00000, 0x000000008ab00000|100%| O|  |TAMS 0x000000008aa00000, 0x000000008aa00000| Untracked 
| 171|0x000000008ab00000, 0x000000008ab6da00, 0x000000008ac00000| 42%| O|  |TAMS 0x000000008ab00000, 0x000000008ab00000| Untracked 
| 172|0x000000008ac00000, 0x000000008ad00000, 0x000000008ad00000|100%|HS|  |TAMS 0x000000008ac00000, 0x000000008ac00000| Complete 
| 173|0x000000008ad00000, 0x000000008ae00000, 0x000000008ae00000|100%|HC|  |TAMS 0x000000008ad00000, 0x000000008ad00000| Complete 
| 174|0x000000008ae00000, 0x000000008af00000, 0x000000008af00000|100%|HS|  |TAMS 0x000000008ae00000, 0x000000008ae00000| Complete 
| 175|0x000000008af00000, 0x000000008b000000, 0x000000008b000000|100%|HC|  |TAMS 0x000000008af00000, 0x000000008af00000| Complete 
| 176|0x000000008b000000, 0x000000008b100000, 0x000000008b100000|100%|HS|  |TAMS 0x000000008b000000, 0x000000008b000000| Complete 
| 177|0x000000008b100000, 0x000000008b200000, 0x000000008b200000|100%|HC|  |TAMS 0x000000008b100000, 0x000000008b100000| Complete 
| 178|0x000000008b200000, 0x000000008b300000, 0x000000008b300000|100%|HS|  |TAMS 0x000000008b200000, 0x000000008b200000| Complete 
| 179|0x000000008b300000, 0x000000008b400000, 0x000000008b400000|100%|HC|  |TAMS 0x000000008b300000, 0x000000008b300000| Complete 
| 180|0x000000008b400000, 0x000000008b500000, 0x000000008b500000|100%|HS|  |TAMS 0x000000008b400000, 0x000000008b400000| Complete 
| 181|0x000000008b500000, 0x000000008b600000, 0x000000008b600000|100%|HC|  |TAMS 0x000000008b500000, 0x000000008b500000| Complete 
| 182|0x000000008b600000, 0x000000008b700000, 0x000000008b700000|100%|HS|  |TAMS 0x000000008b600000, 0x000000008b600000| Complete 
| 183|0x000000008b700000, 0x000000008b800000, 0x000000008b800000|100%|HC|  |TAMS 0x000000008b700000, 0x000000008b700000| Complete 
| 184|0x000000008b800000, 0x000000008b900000, 0x000000008b900000|100%|HS|  |TAMS 0x000000008b800000, 0x000000008b800000| Complete 
| 185|0x000000008b900000, 0x000000008ba00000, 0x000000008ba00000|100%|HC|  |TAMS 0x000000008b900000, 0x000000008b900000| Complete 
| 186|0x000000008ba00000, 0x000000008bb00000, 0x000000008bb00000|100%|HS|  |TAMS 0x000000008ba00000, 0x000000008ba00000| Complete 
| 187|0x000000008bb00000, 0x000000008bc00000, 0x000000008bc00000|100%|HC|  |TAMS 0x000000008bb00000, 0x000000008bb00000| Complete 
| 188|0x000000008bc00000, 0x000000008bd00000, 0x000000008bd00000|100%|HS|  |TAMS 0x000000008bc00000, 0x000000008bc00000| Complete 
| 189|0x000000008bd00000, 0x000000008be00000, 0x000000008be00000|100%|HC|  |TAMS 0x000000008bd00000, 0x000000008bd00000| Complete 
| 190|0x000000008be00000, 0x000000008bf00000, 0x000000008bf00000|100%|HS|  |TAMS 0x000000008be00000, 0x000000008be00000| Complete 
| 191|0x000000008bf00000, 0x000000008c000000, 0x000000008c000000|100%|HC|  |TAMS 0x000000008bf00000, 0x000000008bf00000| Complete 
| 192|0x000000008c000000, 0x000000008c100000, 0x000000008c100000|100%|HS|  |TAMS 0x000000008c000000, 0x000000008c000000| Complete 
| 193|0x000000008c100000, 0x000000008c200000, 0x000000008c200000|100%|HC|  |TAMS 0x000000008c100000, 0x000000008c100000| Complete 
| 194|0x000000008c200000, 0x000000008c300000, 0x000000008c300000|100%|HS|  |TAMS 0x000000008c200000, 0x000000008c200000| Complete 
| 195|0x000000008c300000, 0x000000008c400000, 0x000000008c400000|100%|HC|  |TAMS 0x000000008c300000, 0x000000008c300000| Complete 
| 196|0x000000008c400000, 0x000000008c500000, 0x000000008c500000|100%|HS|  |TAMS 0x000000008c400000, 0x000000008c400000| Complete 
| 197|0x000000008c500000, 0x000000008c600000, 0x000000008c600000|100%|HC|  |TAMS 0x000000008c500000, 0x000000008c500000| Complete 
| 198|0x000000008c600000, 0x000000008c600000, 0x000000008c700000|  0%| F|  |TAMS 0x000000008c600000, 0x000000008c600000| Untracked 
| 199|0x000000008c700000, 0x000000008c700000, 0x000000008c800000|  0%| F|  |TAMS 0x000000008c700000, 0x000000008c700000| Untracked 
| 200|0x000000008c800000, 0x000000008c800000, 0x000000008c900000|  0%| F|  |TAMS 0x000000008c800000, 0x000000008c800000| Untracked 
| 201|0x000000008c900000, 0x000000008c900000, 0x000000008ca00000|  0%| F|  |TAMS 0x000000008c900000, 0x000000008c900000| Untracked 
| 202|0x000000008ca00000, 0x000000008ca00000, 0x000000008cb00000|  0%| F|  |TAMS 0x000000008ca00000, 0x000000008ca00000| Untracked 
| 203|0x000000008cb00000, 0x000000008cb00000, 0x000000008cc00000|  0%| F|  |TAMS 0x000000008cb00000, 0x000000008cb00000| Untracked 
| 204|0x000000008cc00000, 0x000000008cc00000, 0x000000008cd00000|  0%| F|  |TAMS 0x000000008cc00000, 0x000000008cc00000| Untracked 
| 205|0x000000008cd00000, 0x000000008cd00000, 0x000000008ce00000|  0%| F|  |TAMS 0x000000008cd00000, 0x000000008cd00000| Untracked 
| 206|0x000000008ce00000, 0x000000008ce00000, 0x000000008cf00000|  0%| F|  |TAMS 0x000000008ce00000, 0x000000008ce00000| Untracked 
| 207|0x000000008cf00000, 0x000000008cf00000, 0x000000008d000000|  0%| F|  |TAMS 0x000000008cf00000, 0x000000008cf00000| Untracked 
| 208|0x000000008d000000, 0x000000008d000000, 0x000000008d100000|  0%| F|  |TAMS 0x000000008d000000, 0x000000008d000000| Untracked 
| 209|0x000000008d100000, 0x000000008d100000, 0x000000008d200000|  0%| F|  |TAMS 0x000000008d100000, 0x000000008d100000| Untracked 
| 210|0x000000008d200000, 0x000000008d200000, 0x000000008d300000|  0%| F|  |TAMS 0x000000008d200000, 0x000000008d200000| Untracked 
| 211|0x000000008d300000, 0x000000008d300000, 0x000000008d400000|  0%| F|  |TAMS 0x000000008d300000, 0x000000008d300000| Untracked 
| 212|0x000000008d400000, 0x000000008d400000, 0x000000008d500000|  0%| F|  |TAMS 0x000000008d400000, 0x000000008d400000| Untracked 
| 213|0x000000008d500000, 0x000000008d500000, 0x000000008d600000|  0%| F|  |TAMS 0x000000008d500000, 0x000000008d500000| Untracked 
| 214|0x000000008d600000, 0x000000008d700000, 0x000000008d700000|100%| S|  |TAMS 0x000000008d600000, 0x000000008d600000| Complete 
| 215|0x000000008d700000, 0x000000008d800000, 0x000000008d800000|100%| S|  |TAMS 0x000000008d700000, 0x000000008d700000| Complete 
| 216|0x000000008d800000, 0x000000008d900000, 0x000000008d900000|100%| S|  |TAMS 0x000000008d800000, 0x000000008d800000| Complete 
| 217|0x000000008d900000, 0x000000008da00000, 0x000000008da00000|100%| S|  |TAMS 0x000000008d900000, 0x000000008d900000| Complete 
| 218|0x000000008da00000, 0x000000008db00000, 0x000000008db00000|100%| S|  |TAMS 0x000000008da00000, 0x000000008da00000| Complete 
| 219|0x000000008db00000, 0x000000008dc00000, 0x000000008dc00000|100%| S|  |TAMS 0x000000008db00000, 0x000000008db00000| Complete 
| 220|0x000000008dc00000, 0x000000008dd00000, 0x000000008dd00000|100%| S|  |TAMS 0x000000008dc00000, 0x000000008dc00000| Complete 
| 221|0x000000008dd00000, 0x000000008de00000, 0x000000008de00000|100%| S|  |TAMS 0x000000008dd00000, 0x000000008dd00000| Complete 
| 222|0x000000008de00000, 0x000000008df00000, 0x000000008df00000|100%| S|  |TAMS 0x000000008de00000, 0x000000008de00000| Complete 
| 223|0x000000008df00000, 0x000000008e000000, 0x000000008e000000|100%| S|  |TAMS 0x000000008df00000, 0x000000008df00000| Complete 
| 224|0x000000008e000000, 0x000000008e100000, 0x000000008e100000|100%| S|  |TAMS 0x000000008e000000, 0x000000008e000000| Complete 
| 225|0x000000008e100000, 0x000000008e200000, 0x000000008e200000|100%| S|  |TAMS 0x000000008e100000, 0x000000008e100000| Complete 
| 226|0x000000008e200000, 0x000000008e23fe10, 0x000000008e300000| 24%| E|CS|TAMS 0x000000008e200000, 0x000000008e200000| Complete 
| 227|0x000000008e300000, 0x000000008e400000, 0x000000008e400000|100%| E|CS|TAMS 0x000000008e300000, 0x000000008e300000| Complete 
| 228|0x000000008e400000, 0x000000008e500000, 0x000000008e500000|100%| E|CS|TAMS 0x000000008e400000, 0x000000008e400000| Complete 
| 229|0x000000008e500000, 0x000000008e600000, 0x000000008e600000|100%| E|CS|TAMS 0x000000008e500000, 0x000000008e500000| Complete 
| 230|0x000000008e600000, 0x000000008e700000, 0x000000008e700000|100%| E|CS|TAMS 0x000000008e600000, 0x000000008e600000| Complete 
| 231|0x000000008e700000, 0x000000008e800000, 0x000000008e800000|100%| S|  |TAMS 0x000000008e700000, 0x000000008e700000| Complete 
| 232|0x000000008e800000, 0x000000008e900000, 0x000000008e900000|100%| E|CS|TAMS 0x000000008e800000, 0x000000008e800000| Complete 
| 233|0x000000008e900000, 0x000000008ea00000, 0x000000008ea00000|100%| E|CS|TAMS 0x000000008e900000, 0x000000008e900000| Complete 
| 234|0x000000008ea00000, 0x000000008eb00000, 0x000000008eb00000|100%| E|CS|TAMS 0x000000008ea00000, 0x000000008ea00000| Complete 
| 235|0x000000008eb00000, 0x000000008ec00000, 0x000000008ec00000|100%| E|CS|TAMS 0x000000008eb00000, 0x000000008eb00000| Complete 
| 236|0x000000008ec00000, 0x000000008ed00000, 0x000000008ed00000|100%| E|CS|TAMS 0x000000008ec00000, 0x000000008ec00000| Complete 
| 237|0x000000008ed00000, 0x000000008ee00000, 0x000000008ee00000|100%| E|CS|TAMS 0x000000008ed00000, 0x000000008ed00000| Complete 
| 238|0x000000008ee00000, 0x000000008ef00000, 0x000000008ef00000|100%| E|CS|TAMS 0x000000008ee00000, 0x000000008ee00000| Complete 
| 239|0x000000008ef00000, 0x000000008f000000, 0x000000008f000000|100%| E|CS|TAMS 0x000000008ef00000, 0x000000008ef00000| Complete 
| 240|0x000000008f000000, 0x000000008f100000, 0x000000008f100000|100%| E|CS|TAMS 0x000000008f000000, 0x000000008f000000| Complete 
| 241|0x000000008f100000, 0x000000008f200000, 0x000000008f200000|100%| E|CS|TAMS 0x000000008f100000, 0x000000008f100000| Complete 
| 242|0x000000008f200000, 0x000000008f300000, 0x000000008f300000|100%| E|CS|TAMS 0x000000008f200000, 0x000000008f200000| Complete 
| 243|0x000000008f300000, 0x000000008f400000, 0x000000008f400000|100%| E|CS|TAMS 0x000000008f300000, 0x000000008f300000| Complete 
| 244|0x000000008f400000, 0x000000008f500000, 0x000000008f500000|100%| E|CS|TAMS 0x000000008f400000, 0x000000008f400000| Complete 
| 245|0x000000008f500000, 0x000000008f600000, 0x000000008f600000|100%| E|CS|TAMS 0x000000008f500000, 0x000000008f500000| Complete 
| 246|0x000000008f600000, 0x000000008f700000, 0x000000008f700000|100%| E|CS|TAMS 0x000000008f600000, 0x000000008f600000| Complete 
| 247|0x000000008f700000, 0x000000008f800000, 0x000000008f800000|100%| E|CS|TAMS 0x000000008f700000, 0x000000008f700000| Complete 
| 248|0x000000008f800000, 0x000000008f900000, 0x000000008f900000|100%| E|CS|TAMS 0x000000008f800000, 0x000000008f800000| Complete 
| 249|0x000000008f900000, 0x000000008fa00000, 0x000000008fa00000|100%| E|CS|TAMS 0x000000008f900000, 0x000000008f900000| Complete 
| 250|0x000000008fa00000, 0x000000008fb00000, 0x000000008fb00000|100%| E|CS|TAMS 0x000000008fa00000, 0x000000008fa00000| Complete 
| 251|0x000000008fb00000, 0x000000008fc00000, 0x000000008fc00000|100%| E|CS|TAMS 0x000000008fb00000, 0x000000008fb00000| Complete 
| 252|0x000000008fc00000, 0x000000008fd00000, 0x000000008fd00000|100%| E|CS|TAMS 0x000000008fc00000, 0x000000008fc00000| Complete 
| 253|0x000000008fd00000, 0x000000008fe00000, 0x000000008fe00000|100%| E|CS|TAMS 0x000000008fd00000, 0x000000008fd00000| Complete 
| 254|0x000000008fe00000, 0x000000008ff00000, 0x000000008ff00000|100%| E|CS|TAMS 0x000000008fe00000, 0x000000008fe00000| Complete 
| 255|0x000000008ff00000, 0x0000000090000000, 0x0000000090000000|100%| E|CS|TAMS 0x000000008ff00000, 0x000000008ff00000| Complete 
| 256|0x0000000090000000, 0x0000000090100000, 0x0000000090100000|100%| E|CS|TAMS 0x0000000090000000, 0x0000000090000000| Complete 
| 257|0x0000000090100000, 0x0000000090200000, 0x0000000090200000|100%| E|CS|TAMS 0x0000000090100000, 0x0000000090100000| Complete 
| 258|0x0000000090200000, 0x0000000090300000, 0x0000000090300000|100%| E|CS|TAMS 0x0000000090200000, 0x0000000090200000| Complete 
| 259|0x0000000090300000, 0x0000000090400000, 0x0000000090400000|100%| E|CS|TAMS 0x0000000090300000, 0x0000000090300000| Complete 
| 260|0x0000000090400000, 0x0000000090500000, 0x0000000090500000|100%| E|CS|TAMS 0x0000000090400000, 0x0000000090400000| Complete 
| 261|0x0000000090500000, 0x0000000090600000, 0x0000000090600000|100%| E|CS|TAMS 0x0000000090500000, 0x0000000090500000| Complete 
| 262|0x0000000090600000, 0x0000000090700000, 0x0000000090700000|100%| E|CS|TAMS 0x0000000090600000, 0x0000000090600000| Complete 
| 263|0x0000000090700000, 0x0000000090800000, 0x0000000090800000|100%| E|CS|TAMS 0x0000000090700000, 0x0000000090700000| Complete 
| 264|0x0000000090800000, 0x0000000090900000, 0x0000000090900000|100%| E|CS|TAMS 0x0000000090800000, 0x0000000090800000| Complete 
| 265|0x0000000090900000, 0x0000000090a00000, 0x0000000090a00000|100%| E|CS|TAMS 0x0000000090900000, 0x0000000090900000| Complete 
| 266|0x0000000090a00000, 0x0000000090b00000, 0x0000000090b00000|100%| E|CS|TAMS 0x0000000090a00000, 0x0000000090a00000| Complete 
| 267|0x0000000090b00000, 0x0000000090c00000, 0x0000000090c00000|100%| E|CS|TAMS 0x0000000090b00000, 0x0000000090b00000| Complete 
| 268|0x0000000090c00000, 0x0000000090d00000, 0x0000000090d00000|100%| E|CS|TAMS 0x0000000090c00000, 0x0000000090c00000| Complete 
| 269|0x0000000090d00000, 0x0000000090e00000, 0x0000000090e00000|100%| E|CS|TAMS 0x0000000090d00000, 0x0000000090d00000| Complete 
| 270|0x0000000090e00000, 0x0000000090f00000, 0x0000000090f00000|100%| E|CS|TAMS 0x0000000090e00000, 0x0000000090e00000| Complete 
| 271|0x0000000090f00000, 0x0000000091000000, 0x0000000091000000|100%| E|CS|TAMS 0x0000000090f00000, 0x0000000090f00000| Complete 
| 272|0x0000000091000000, 0x0000000091100000, 0x0000000091100000|100%| E|CS|TAMS 0x0000000091000000, 0x0000000091000000| Complete 
| 273|0x0000000091100000, 0x0000000091200000, 0x0000000091200000|100%| E|CS|TAMS 0x0000000091100000, 0x0000000091100000| Complete 
| 274|0x0000000091200000, 0x0000000091300000, 0x0000000091300000|100%| E|CS|TAMS 0x0000000091200000, 0x0000000091200000| Complete 
| 275|0x0000000091300000, 0x0000000091400000, 0x0000000091400000|100%| E|CS|TAMS 0x0000000091300000, 0x0000000091300000| Complete 
| 276|0x0000000091400000, 0x0000000091500000, 0x0000000091500000|100%| E|CS|TAMS 0x0000000091400000, 0x0000000091400000| Complete 
| 277|0x0000000091500000, 0x0000000091600000, 0x0000000091600000|100%| E|CS|TAMS 0x0000000091500000, 0x0000000091500000| Complete 
| 278|0x0000000091600000, 0x0000000091700000, 0x0000000091700000|100%| E|CS|TAMS 0x0000000091600000, 0x0000000091600000| Complete 
| 279|0x0000000091700000, 0x0000000091800000, 0x0000000091800000|100%| E|CS|TAMS 0x0000000091700000, 0x0000000091700000| Complete 
| 280|0x0000000091800000, 0x0000000091900000, 0x0000000091900000|100%| E|CS|TAMS 0x0000000091800000, 0x0000000091800000| Complete 
| 281|0x0000000091900000, 0x0000000091a00000, 0x0000000091a00000|100%| E|CS|TAMS 0x0000000091900000, 0x0000000091900000| Complete 
| 282|0x0000000091a00000, 0x0000000091b00000, 0x0000000091b00000|100%| E|CS|TAMS 0x0000000091a00000, 0x0000000091a00000| Complete 
| 283|0x0000000091b00000, 0x0000000091c00000, 0x0000000091c00000|100%| E|CS|TAMS 0x0000000091b00000, 0x0000000091b00000| Complete 
| 284|0x0000000091c00000, 0x0000000091d00000, 0x0000000091d00000|100%| E|CS|TAMS 0x0000000091c00000, 0x0000000091c00000| Complete 
| 285|0x0000000091d00000, 0x0000000091e00000, 0x0000000091e00000|100%| E|CS|TAMS 0x0000000091d00000, 0x0000000091d00000| Complete 
| 286|0x0000000091e00000, 0x0000000091f00000, 0x0000000091f00000|100%| E|CS|TAMS 0x0000000091e00000, 0x0000000091e00000| Complete 
| 287|0x0000000091f00000, 0x0000000092000000, 0x0000000092000000|100%| E|CS|TAMS 0x0000000091f00000, 0x0000000091f00000| Complete 
| 288|0x0000000092000000, 0x0000000092100000, 0x0000000092100000|100%| E|CS|TAMS 0x0000000092000000, 0x0000000092000000| Complete 
| 289|0x0000000092100000, 0x0000000092200000, 0x0000000092200000|100%| E|CS|TAMS 0x0000000092100000, 0x0000000092100000| Complete 
| 290|0x0000000092200000, 0x0000000092300000, 0x0000000092300000|100%| E|CS|TAMS 0x0000000092200000, 0x0000000092200000| Complete 
| 291|0x0000000092300000, 0x0000000092400000, 0x0000000092400000|100%| E|CS|TAMS 0x0000000092300000, 0x0000000092300000| Complete 
| 292|0x0000000092400000, 0x0000000092500000, 0x0000000092500000|100%| E|CS|TAMS 0x0000000092400000, 0x0000000092400000| Complete 
| 293|0x0000000092500000, 0x0000000092600000, 0x0000000092600000|100%| E|CS|TAMS 0x0000000092500000, 0x0000000092500000| Complete 
| 294|0x0000000092600000, 0x0000000092700000, 0x0000000092700000|100%| E|CS|TAMS 0x0000000092600000, 0x0000000092600000| Complete 
| 295|0x0000000092700000, 0x0000000092800000, 0x0000000092800000|100%| E|CS|TAMS 0x0000000092700000, 0x0000000092700000| Complete 
| 296|0x0000000092800000, 0x0000000092900000, 0x0000000092900000|100%| E|CS|TAMS 0x0000000092800000, 0x0000000092800000| Complete 
| 297|0x0000000092900000, 0x0000000092a00000, 0x0000000092a00000|100%| E|CS|TAMS 0x0000000092900000, 0x0000000092900000| Complete 
| 298|0x0000000092a00000, 0x0000000092b00000, 0x0000000092b00000|100%| E|CS|TAMS 0x0000000092a00000, 0x0000000092a00000| Complete 
| 299|0x0000000092b00000, 0x0000000092c00000, 0x0000000092c00000|100%| E|CS|TAMS 0x0000000092b00000, 0x0000000092b00000| Complete 
| 300|0x0000000092c00000, 0x0000000092d00000, 0x0000000092d00000|100%| E|CS|TAMS 0x0000000092c00000, 0x0000000092c00000| Complete 
| 301|0x0000000092d00000, 0x0000000092e00000, 0x0000000092e00000|100%| E|CS|TAMS 0x0000000092d00000, 0x0000000092d00000| Complete 
| 302|0x0000000092e00000, 0x0000000092f00000, 0x0000000092f00000|100%| E|CS|TAMS 0x0000000092e00000, 0x0000000092e00000| Complete 
| 303|0x0000000092f00000, 0x0000000093000000, 0x0000000093000000|100%| E|CS|TAMS 0x0000000092f00000, 0x0000000092f00000| Complete 
| 304|0x0000000093000000, 0x0000000093100000, 0x0000000093100000|100%| E|CS|TAMS 0x0000000093000000, 0x0000000093000000| Complete 
| 305|0x0000000093100000, 0x0000000093200000, 0x0000000093200000|100%| E|CS|TAMS 0x0000000093100000, 0x0000000093100000| Complete 
| 306|0x0000000093200000, 0x0000000093300000, 0x0000000093300000|100%| E|CS|TAMS 0x0000000093200000, 0x0000000093200000| Complete 
| 307|0x0000000093300000, 0x0000000093400000, 0x0000000093400000|100%| E|CS|TAMS 0x0000000093300000, 0x0000000093300000| Complete 
| 308|0x0000000093400000, 0x0000000093500000, 0x0000000093500000|100%| E|CS|TAMS 0x0000000093400000, 0x0000000093400000| Complete 
| 309|0x0000000093500000, 0x0000000093600000, 0x0000000093600000|100%| E|CS|TAMS 0x0000000093500000, 0x0000000093500000| Complete 
| 310|0x0000000093600000, 0x0000000093700000, 0x0000000093700000|100%| E|CS|TAMS 0x0000000093600000, 0x0000000093600000| Complete 
| 311|0x0000000093700000, 0x0000000093800000, 0x0000000093800000|100%| E|CS|TAMS 0x0000000093700000, 0x0000000093700000| Complete 
| 312|0x0000000093800000, 0x0000000093900000, 0x0000000093900000|100%| E|CS|TAMS 0x0000000093800000, 0x0000000093800000| Complete 
| 313|0x0000000093900000, 0x0000000093a00000, 0x0000000093a00000|100%| E|CS|TAMS 0x0000000093900000, 0x0000000093900000| Complete 
| 314|0x0000000093a00000, 0x0000000093b00000, 0x0000000093b00000|100%| E|CS|TAMS 0x0000000093a00000, 0x0000000093a00000| Complete 
| 315|0x0000000093b00000, 0x0000000093c00000, 0x0000000093c00000|100%| E|CS|TAMS 0x0000000093b00000, 0x0000000093b00000| Complete 
| 316|0x0000000093c00000, 0x0000000093d00000, 0x0000000093d00000|100%| E|CS|TAMS 0x0000000093c00000, 0x0000000093c00000| Complete 
| 317|0x0000000093d00000, 0x0000000093e00000, 0x0000000093e00000|100%| E|CS|TAMS 0x0000000093d00000, 0x0000000093d00000| Complete 
| 318|0x0000000093e00000, 0x0000000093f00000, 0x0000000093f00000|100%| E|CS|TAMS 0x0000000093e00000, 0x0000000093e00000| Complete 
| 319|0x0000000093f00000, 0x0000000094000000, 0x0000000094000000|100%| E|CS|TAMS 0x0000000093f00000, 0x0000000093f00000| Complete 
| 320|0x0000000094000000, 0x0000000094100000, 0x0000000094100000|100%| E|CS|TAMS 0x0000000094000000, 0x0000000094000000| Complete 
| 321|0x0000000094100000, 0x0000000094200000, 0x0000000094200000|100%| E|CS|TAMS 0x0000000094100000, 0x0000000094100000| Complete 
| 322|0x0000000094200000, 0x0000000094300000, 0x0000000094300000|100%| E|CS|TAMS 0x0000000094200000, 0x0000000094200000| Complete 
| 323|0x0000000094300000, 0x0000000094400000, 0x0000000094400000|100%| E|CS|TAMS 0x0000000094300000, 0x0000000094300000| Complete 
| 324|0x0000000094400000, 0x0000000094500000, 0x0000000094500000|100%| E|CS|TAMS 0x0000000094400000, 0x0000000094400000| Complete 
| 325|0x0000000094500000, 0x0000000094600000, 0x0000000094600000|100%| E|CS|TAMS 0x0000000094500000, 0x0000000094500000| Complete 
| 326|0x0000000094600000, 0x0000000094700000, 0x0000000094700000|100%| E|CS|TAMS 0x0000000094600000, 0x0000000094600000| Complete 
| 327|0x0000000094700000, 0x0000000094800000, 0x0000000094800000|100%| E|CS|TAMS 0x0000000094700000, 0x0000000094700000| Complete 
| 328|0x0000000094800000, 0x0000000094900000, 0x0000000094900000|100%| E|CS|TAMS 0x0000000094800000, 0x0000000094800000| Complete 

Card table byte_map: [0x000001c1fc3c0000,0x000001c1fc7c0000] _byte_map_base: 0x000001c1fbfc0000

Marking Bits (Prev, Next): (CMBitMap*) 0x000001c1fbf691f0, (CMBitMap*) 0x000001c1fbf69230
 Prev Bits: [0x000001c1fcbc0000, 0x000001c1febc0000)
 Next Bits: [0x000001c196870000, 0x000001c198870000)

Polling page: 0x000001c1fb6c0000

Metaspace:

Usage:
  Non-class:    115.02 MB used.
      Class:     18.00 MB used.
       Both:    133.01 MB used.

Virtual space:
  Non-class space:      128.00 MB reserved,     116.12 MB ( 91%) committed,  2 nodes.
      Class space:        1.00 GB reserved,      19.25 MB (  2%) committed,  1 nodes.
             Both:        1.12 GB reserved,     135.38 MB ( 12%) committed. 

Chunk freelists:
   Non-Class:  3.19 MB
       Class:  813.00 KB
        Both:  3.99 MB

MaxMetaspaceSize: unlimited
CompressedClassSpaceSize: 1.00 GB
Initial GC threshold: 21.00 MB
Current GC threshold: 143.56 MB
CDS: on
MetaspaceReclaimPolicy: balanced
 - commit_granule_bytes: 65536.
 - commit_granule_words: 8192.
 - virtual_space_node_default_size: 8388608.
 - enlarge_chunks_in_place: 1.
 - new_chunks_are_fully_committed: 0.
 - uncommit_free_chunks: 1.
 - use_allocation_guard: 0.


Internal statistics:

num_allocs_failed_limit: 6.
num_arena_births: 4536.
num_arena_deaths: 0.
num_vsnodes_births: 3.
num_vsnodes_deaths: 0.
num_space_committed: 2165.
num_space_uncommitted: 0.
num_chunks_returned_to_freelist: 6.
num_chunks_taken_from_freelist: 10615.
num_chunk_merges: 6.
num_chunk_splits: 7014.
num_chunks_enlarged: 4556.
num_inconsistent_stats: 0.

CodeHeap 'non-profiled nmethods': size=120000Kb used=10266Kb max_used=10266Kb free=109733Kb
 bounds [0x000001c18f340000, 0x000001c18fd50000, 0x000001c196870000]
CodeHeap 'profiled nmethods': size=120000Kb used=36815Kb max_used=36815Kb free=83184Kb
 bounds [0x000001c187e10000, 0x000001c18a210000, 0x000001c18f340000]
CodeHeap 'non-nmethods': size=5760Kb used=1822Kb max_used=1924Kb free=3938Kb
 bounds [0x000001c187870000, 0x000001c187ae0000, 0x000001c187e10000]
 total_blobs=18844 nmethods=17924 adapters=831
 compilation: enabled
              stopped_count=0, restarted_count=0
 full_count=0

Compilation events (20 events):
Event: 240.610 Thread 0x000001c1ff098dd0 nmethod 22041 0x000001c18a1fd110 code [0x000001c18a1fd2c0, 0x000001c18a1fd408]
Event: 240.611 Thread 0x000001c1ff098dd0 22042       1       org.gradle.api.internal.artifacts.ivyservice.resolveengine.graph.builder.EdgeState::isUnattached (5 bytes)
Event: 240.611 Thread 0x000001c1ff098dd0 nmethod 22042 0x000001c18fd45110 code [0x000001c18fd452a0, 0x000001c18fd45378]
Event: 240.618 Thread 0x000001c1ff094db0 22043       4       java.time.Duration::ofMillis (39 bytes)
Event: 240.619 Thread 0x000001c1a3483070 22044       4       java.util.Collections::binarySearch (43 bytes)
Event: 240.619 Thread 0x000001c1ff098dd0 22045       3       org.gradle.api.internal.artifacts.ivyservice.resolveengine.graph.conflicts.DefaultConflictResolverDetails::<init> (10 bytes)
Event: 240.619 Thread 0x000001c1ff098dd0 nmethod 22045 0x000001c18a1fd510 code [0x000001c18a1fd6a0, 0x000001c18a1fd858]
Event: 240.619 Thread 0x000001c1ff098dd0 22046       3       org.gradle.api.internal.artifacts.ivyservice.resolveengine.graph.conflicts.CompositeConflictResolver::select (113 bytes)
Event: 240.619 Thread 0x000001c1ff094db0 nmethod 22043 0x000001c18fd45410 code [0x000001c18fd455a0, 0x000001c18fd456d8]
Event: 240.620 Thread 0x000001c1ff098dd0 nmethod 22046 0x000001c18a1fd910 code [0x000001c18a1fdc80, 0x000001c18a1ff108]
Event: 240.620 Thread 0x000001c1ff098dd0 22047       3       org.gradle.api.internal.artifacts.ivyservice.resolveengine.LatestModuleConflictResolver::select (388 bytes)
Event: 240.624 Thread 0x000001c1ff098dd0 nmethod 22047 0x000001c18a1ff790 code [0x000001c18a1ffd80, 0x000001c18a203de8]
Event: 240.624 Thread 0x000001c1ff098dd0 22048       3       org.gradle.api.internal.artifacts.ivyservice.resolveengine.graph.conflicts.CompositeConflictResolver$CompositeDetails::getCandidates (10 bytes)
Event: 240.624 Thread 0x000001c1ff098dd0 nmethod 22048 0x000001c18a205090 code [0x000001c18a205240, 0x000001c18a205408]
Event: 240.624 Thread 0x000001c1ff098dd0 22049       3       java.util.Collections::indexedBinarySearch (85 bytes)
Event: 240.625 Thread 0x000001c1ff098dd0 nmethod 22049 0x000001c18a205510 code [0x000001c18a2056e0, 0x000001c18a205be8]
Event: 240.625 Thread 0x000001c1ff094db0 22050       4       org.gradle.api.internal.artifacts.ivyservice.resolveengine.graph.builder.DependencyGraphBuilder$$Lambda$682/0x000000080121fd30::isSatisfiedBy (8 bytes)
Event: 240.626 Thread 0x000001c1ff094db0 nmethod 22050 0x000001c18fd45810 code [0x000001c18fd459a0, 0x000001c18fd45a78]
Event: 240.630 Thread 0x000001c1ff094db0 22051       4       org.gradle.internal.component.model.DefaultAttributeMatcher::matches (169 bytes)
Event: 240.630 Thread 0x000001c1a3483070 nmethod 22044 0x000001c18fd45b90 code [0x000001c18fd45d60, 0x000001c18fd46548]

GC Heap History (20 events):
Event: 24.613 GC heap after
{Heap after GC invocations=36 (full 0):
 garbage-first heap   total 238592K, used 129252K [0x0000000080000000, 0x0000000100000000)
  region size 1024K, 12 young (12288K), 12 survivors (12288K)
 Metaspace       used 101226K, committed 103360K, reserved 1179648K
  class space    used 13856K, committed 14976K, reserved 1048576K
}
Event: 25.475 GC heap before
{Heap before GC invocations=36 (full 0):
 garbage-first heap   total 238592K, used 183524K [0x0000000080000000, 0x0000000100000000)
  region size 1024K, 62 young (63488K), 12 survivors (12288K)
 Metaspace       used 104033K, committed 106176K, reserved 1179648K
  class space    used 14186K, committed 15296K, reserved 1048576K
}
Event: 25.499 GC heap after
{Heap after GC invocations=37 (full 0):
 garbage-first heap   total 238592K, used 143199K [0x0000000080000000, 0x0000000100000000)
  region size 1024K, 8 young (8192K), 8 survivors (8192K)
 Metaspace       used 104033K, committed 106176K, reserved 1179648K
  class space    used 14186K, committed 15296K, reserved 1048576K
}
Event: 26.331 GC heap before
{Heap before GC invocations=37 (full 0):
 garbage-first heap   total 238592K, used 208735K [0x0000000080000000, 0x0000000100000000)
  region size 1024K, 46 young (47104K), 8 survivors (8192K)
 Metaspace       used 106655K, committed 108736K, reserved 1179648K
  class space    used 14446K, committed 15552K, reserved 1048576K
}
Event: 26.347 GC heap after
{Heap after GC invocations=38 (full 0):
 garbage-first heap   total 238592K, used 145111K [0x0000000080000000, 0x0000000100000000)
  region size 1024K, 3 young (3072K), 3 survivors (3072K)
 Metaspace       used 106655K, committed 108736K, reserved 1179648K
  class space    used 14446K, committed 15552K, reserved 1048576K
}
Event: 26.925 GC heap before
{Heap before GC invocations=38 (full 0):
 garbage-first heap   total 238592K, used 186071K [0x0000000080000000, 0x0000000100000000)
  region size 1024K, 44 young (45056K), 3 survivors (3072K)
 Metaspace       used 107032K, committed 109184K, reserved 1179648K
  class space    used 14479K, committed 15616K, reserved 1048576K
}
Event: 26.938 GC heap after
{Heap after GC invocations=39 (full 0):
 garbage-first heap   total 336896K, used 148806K [0x0000000080000000, 0x0000000100000000)
  region size 1024K, 6 young (6144K), 6 survivors (6144K)
 Metaspace       used 107032K, committed 109184K, reserved 1179648K
  class space    used 14479K, committed 15616K, reserved 1048576K
}
Event: 28.358 GC heap before
{Heap before GC invocations=39 (full 0):
 garbage-first heap   total 336896K, used 244038K [0x0000000080000000, 0x0000000100000000)
  region size 1024K, 100 young (102400K), 6 survivors (6144K)
 Metaspace       used 108742K, committed 111040K, reserved 1179648K
  class space    used 14666K, committed 15872K, reserved 1048576K
}
Event: 28.379 GC heap after
{Heap after GC invocations=40 (full 0):
 garbage-first heap   total 336896K, used 156501K [0x0000000080000000, 0x0000000100000000)
  region size 1024K, 13 young (13312K), 13 survivors (13312K)
 Metaspace       used 108742K, committed 111040K, reserved 1179648K
  class space    used 14666K, committed 15872K, reserved 1048576K
}
Event: 30.831 GC heap before
{Heap before GC invocations=40 (full 0):
 garbage-first heap   total 336896K, used 252757K [0x0000000080000000, 0x0000000100000000)
  region size 1024K, 108 young (110592K), 13 survivors (13312K)
 Metaspace       used 109616K, committed 111872K, reserved 1179648K
  class space    used 14750K, committed 15936K, reserved 1048576K
}
Event: 30.850 GC heap after
{Heap after GC invocations=41 (full 0):
 garbage-first heap   total 336896K, used 160475K [0x0000000080000000, 0x0000000100000000)
  region size 1024K, 4 young (4096K), 4 survivors (4096K)
 Metaspace       used 109616K, committed 111872K, reserved 1179648K
  class space    used 14750K, committed 15936K, reserved 1048576K
}
Event: 47.681 GC heap before
{Heap before GC invocations=41 (full 0):
 garbage-first heap   total 336896K, used 259803K [0x0000000080000000, 0x0000000100000000)
  region size 1024K, 102 young (104448K), 4 survivors (4096K)
 Metaspace       used 114397K, committed 116736K, reserved 1179648K
  class space    used 15378K, committed 16576K, reserved 1048576K
}
Event: 47.691 GC heap after
{Heap after GC invocations=42 (full 0):
 garbage-first heap   total 336896K, used 166400K [0x0000000080000000, 0x0000000100000000)
  region size 1024K, 10 young (10240K), 10 survivors (10240K)
 Metaspace       used 114397K, committed 116736K, reserved 1179648K
  class space    used 15378K, committed 16576K, reserved 1048576K
}
Event: 49.023 GC heap before
{Heap before GC invocations=42 (full 0):
 garbage-first heap   total 336896K, used 266752K [0x0000000080000000, 0x0000000100000000)
  region size 1024K, 107 young (109568K), 10 survivors (10240K)
 Metaspace       used 115671K, committed 118080K, reserved 1179648K
  class space    used 15558K, committed 16832K, reserved 1048576K
}
Event: 49.042 GC heap after
{Heap after GC invocations=43 (full 0):
 garbage-first heap   total 336896K, used 176716K [0x0000000080000000, 0x0000000100000000)
  region size 1024K, 14 young (14336K), 14 survivors (14336K)
 Metaspace       used 115671K, committed 118080K, reserved 1179648K
  class space    used 15558K, committed 16832K, reserved 1048576K
}
Event: 50.377 GC heap before
{Heap before GC invocations=43 (full 0):
 garbage-first heap   total 336896K, used 268876K [0x0000000080000000, 0x0000000100000000)
  region size 1024K, 105 young (107520K), 14 survivors (14336K)
 Metaspace       used 125776K, committed 128128K, reserved 1179648K
  class space    used 17002K, committed 18240K, reserved 1048576K
}
Event: 50.396 GC heap after
{Heap after GC invocations=44 (full 0):
 garbage-first heap   total 336896K, used 177302K [0x0000000080000000, 0x0000000100000000)
  region size 1024K, 4 young (4096K), 4 survivors (4096K)
 Metaspace       used 125776K, committed 128128K, reserved 1179648K
  class space    used 17002K, committed 18240K, reserved 1048576K
}
Event: 52.445 GC heap before
{Heap before GC invocations=44 (full 0):
 garbage-first heap   total 336896K, used 272534K [0x0000000080000000, 0x0000000100000000)
  region size 1024K, 98 young (100352K), 4 survivors (4096K)
 Metaspace       used 133860K, committed 136320K, reserved 1179648K
  class space    used 18174K, committed 19456K, reserved 1048576K
}
Event: 52.458 GC heap after
{Heap after GC invocations=45 (full 0):
 garbage-first heap   total 336896K, used 177558K [0x0000000080000000, 0x0000000100000000)
  region size 1024K, 5 young (5120K), 5 survivors (5120K)
 Metaspace       used 133860K, committed 136320K, reserved 1179648K
  class space    used 18174K, committed 19456K, reserved 1048576K
}
Event: 240.638 GC heap before
{Heap before GC invocations=45 (full 0):
 garbage-first heap   total 336896K, used 305558K [0x0000000080000000, 0x0000000100000000)
  region size 1024K, 102 young (104448K), 5 survivors (5120K)
 Metaspace       used 136207K, committed 138624K, reserved 1179648K
  class space    used 18430K, committed 19712K, reserved 1048576K
}

Deoptimization events (20 events):
Event: 239.200 Thread 0x000001c1a4a99500 DEOPT PACKING pc=0x000001c18fb06838 sp=0x000000062f2f6c60
Event: 239.200 Thread 0x000001c1a4a99500 DEOPT UNPACKING pc=0x000001c1878c23a3 sp=0x000000062f2f6bf8 mode 2
Event: 239.667 Thread 0x000001c1a4a99500 DEOPT PACKING pc=0x000001c188f81308 sp=0x000000062f2f89b0
Event: 239.667 Thread 0x000001c1a4a99500 DEOPT UNPACKING pc=0x000001c1878c2b43 sp=0x000000062f2f7eb0 mode 0
Event: 239.691 Thread 0x000001c1a4a99500 Uncommon trap: trap_request=0xffffffbe fr.pc=0x000001c18f4d0278 relative=0x0000000000000258
Event: 239.691 Thread 0x000001c1a4a99500 Uncommon trap: reason=profile_predicate action=maybe_recompile pc=0x000001c18f4d0278 method=java.util.HashMap.keysToArray([Ljava/lang/Object;)[Ljava/lang/Object; @ 48 c2
Event: 239.691 Thread 0x000001c1a4a99500 DEOPT PACKING pc=0x000001c18f4d0278 sp=0x000000062f2f8a60
Event: 239.691 Thread 0x000001c1a4a99500 DEOPT UNPACKING pc=0x000001c1878c23a3 sp=0x000000062f2f89f8 mode 2
Event: 239.691 Thread 0x000001c1a4a99500 Uncommon trap: trap_request=0xffffffbe fr.pc=0x000001c18f4d0278 relative=0x0000000000000258
Event: 239.691 Thread 0x000001c1a4a99500 Uncommon trap: reason=profile_predicate action=maybe_recompile pc=0x000001c18f4d0278 method=java.util.HashMap.keysToArray([Ljava/lang/Object;)[Ljava/lang/Object; @ 48 c2
Event: 239.691 Thread 0x000001c1a4a99500 DEOPT PACKING pc=0x000001c18f4d0278 sp=0x000000062f2f8a60
Event: 239.691 Thread 0x000001c1a4a99500 DEOPT UNPACKING pc=0x000001c1878c23a3 sp=0x000000062f2f89f8 mode 2
Event: 239.712 Thread 0x000001c1a9193220 Uncommon trap: trap_request=0xffffff45 fr.pc=0x000001c18f6dcdf8 relative=0x0000000000005cf8
Event: 239.712 Thread 0x000001c1a9193220 Uncommon trap: reason=unstable_if action=reinterpret pc=0x000001c18f6dcdf8 method=java.io.ObjectStreamClass.writeNonProxy(Ljava/io/ObjectOutputStream;)V @ 22 c2
Event: 239.712 Thread 0x000001c1a9193220 DEOPT PACKING pc=0x000001c18f6dcdf8 sp=0x000000062f5fd9b0
Event: 239.712 Thread 0x000001c1a9193220 DEOPT UNPACKING pc=0x000001c1878c23a3 sp=0x000000062f5fd850 mode 2
Event: 240.132 Thread 0x000001c1a4a99500 DEOPT PACKING pc=0x000001c188a8cae6 sp=0x000000062f2f9160
Event: 240.132 Thread 0x000001c1a4a99500 DEOPT UNPACKING pc=0x000001c1878c2b43 sp=0x000000062f2f8600 mode 0
Event: 240.133 Thread 0x000001c1a4a99500 DEOPT PACKING pc=0x000001c188a8cae6 sp=0x000000062f2f9090
Event: 240.133 Thread 0x000001c1a4a99500 DEOPT UNPACKING pc=0x000001c1878c2b43 sp=0x000000062f2f8530 mode 0

Classes loaded (20 events):
Event: 62.553 Loading class java/lang/StackStreamFactory$StackFrameTraverser
Event: 62.553 Loading class java/lang/StackStreamFactory$StackFrameTraverser done
Event: 62.553 Loading class java/lang/StackStreamFactory$WalkerState
Event: 62.553 Loading class java/lang/StackStreamFactory$WalkerState done
Event: 62.553 Loading class java/lang/StackStreamFactory$1
Event: 62.553 Loading class java/lang/StackStreamFactory$1 done
Event: 62.553 Loading class java/lang/StackStreamFactory$StackFrameTraverser$StackFrameBuffer
Event: 62.553 Loading class java/lang/StackStreamFactory$FrameBuffer
Event: 62.553 Loading class java/lang/StackStreamFactory$FrameBuffer done
Event: 62.553 Loading class java/lang/StackStreamFactory$StackFrameTraverser$StackFrameBuffer done
Event: 62.554 Loading class java/util/logging/LogRecord
Event: 62.554 Loading class java/util/logging/LogRecord done
Event: 237.496 Loading class jdk/internal/math/FormattedFloatingDecimal$Form
Event: 237.499 Loading class jdk/internal/math/FormattedFloatingDecimal$Form done
Event: 237.499 Loading class jdk/internal/math/FormattedFloatingDecimal
Event: 237.499 Loading class jdk/internal/math/FormattedFloatingDecimal done
Event: 237.500 Loading class jdk/internal/math/FormattedFloatingDecimal$1
Event: 237.500 Loading class jdk/internal/math/FormattedFloatingDecimal$1 done
Event: 237.500 Loading class jdk/internal/math/FormattedFloatingDecimal$2
Event: 237.500 Loading class jdk/internal/math/FormattedFloatingDecimal$2 done

Classes unloaded (0 events):
No events

Classes redefined (0 events):
No events

Internal exceptions (20 events):
Event: 237.509 Thread 0x000001c1a4a99500 Implicit null exception at 0x000001c18fabdb41 to 0x000001c18fabefec
Event: 237.509 Thread 0x000001c1a4a99500 Implicit null exception at 0x000001c18f95598f to 0x000001c18f9559dc
Event: 237.509 Thread 0x000001c1a4a99500 Implicit null exception at 0x000001c18f817380 to 0x000001c18f817d8c
Event: 237.948 Thread 0x000001c1a4a99500 Exception <a 'sun/nio/fs/WindowsException'{0x0000000092805bf0}> (0x0000000092805bf0) 
thrown [s\open\src\hotspot\share\prims\jni.cpp, line 516]
Event: 237.949 Thread 0x000001c1a4a99500 Exception <a 'sun/nio/fs/WindowsException'{0x0000000092807170}> (0x0000000092807170) 
thrown [s\open\src\hotspot\share\prims\jni.cpp, line 516]
Event: 237.949 Thread 0x000001c1a4a99500 Exception <a 'sun/nio/fs/WindowsException'{0x00000000928086f0}> (0x00000000928086f0) 
thrown [s\open\src\hotspot\share\prims\jni.cpp, line 516]
Event: 237.950 Thread 0x000001c1a4a99500 Exception <a 'sun/nio/fs/WindowsException'{0x0000000092809c60}> (0x0000000092809c60) 
thrown [s\open\src\hotspot\share\prims\jni.cpp, line 516]
Event: 238.036 Thread 0x000001c1a4a99500 Exception <a 'sun/nio/fs/WindowsException'{0x0000000091f39b80}> (0x0000000091f39b80) 
thrown [s\open\src\hotspot\share\prims\jni.cpp, line 516]
Event: 238.036 Thread 0x000001c1a4a99500 Exception <a 'sun/nio/fs/WindowsException'{0x0000000091f39e48}> (0x0000000091f39e48) 
thrown [s\open\src\hotspot\share\prims\jni.cpp, line 516]
Event: 238.036 Thread 0x000001c1a4a99500 Exception <a 'sun/nio/fs/WindowsException'{0x0000000091f3c8c8}> (0x0000000091f3c8c8) 
thrown [s\open\src\hotspot\share\prims\jni.cpp, line 516]
Event: 238.036 Thread 0x000001c1a4a99500 Exception <a 'sun/nio/fs/WindowsException'{0x0000000091f3cc88}> (0x0000000091f3cc88) 
thrown [s\open\src\hotspot\share\prims\jni.cpp, line 516]
Event: 238.040 Thread 0x000001c1a4a99500 Exception <a 'sun/nio/fs/WindowsException'{0x0000000091f40df0}> (0x0000000091f40df0) 
thrown [s\open\src\hotspot\share\prims\jni.cpp, line 516]
Event: 238.040 Thread 0x000001c1a4a99500 Exception <a 'sun/nio/fs/WindowsException'{0x0000000091f411b0}> (0x0000000091f411b0) 
thrown [s\open\src\hotspot\share\prims\jni.cpp, line 516]
Event: 239.191 Thread 0x000001c1a4a99500 Exception <a 'sun/nio/fs/WindowsException'{0x00000000906ad410}> (0x00000000906ad410) 
thrown [s\open\src\hotspot\share\prims\jni.cpp, line 516]
Event: 240.098 Thread 0x000001c1a4a99500 Exception <a 'sun/nio/fs/WindowsException'{0x000000008f8979e8}> (0x000000008f8979e8) 
thrown [s\open\src\hotspot\share\prims\jni.cpp, line 516]
Event: 240.100 Thread 0x000001c1a4a99500 Exception <a 'sun/nio/fs/WindowsException'{0x000000008f8a62d8}> (0x000000008f8a62d8) 
thrown [s\open\src\hotspot\share\prims\jni.cpp, line 516]
Event: 240.100 Thread 0x000001c1a4a99500 Exception <a 'sun/nio/fs/WindowsException'{0x000000008f8a7680}> (0x000000008f8a7680) 
thrown [s\open\src\hotspot\share\prims\jni.cpp, line 516]
Event: 240.101 Thread 0x000001c1a4a99500 Exception <a 'sun/nio/fs/WindowsException'{0x000000008f8a8a78}> (0x000000008f8a8a78) 
thrown [s\open\src\hotspot\share\prims\jni.cpp, line 516]
Event: 240.101 Thread 0x000001c1a4a99500 Exception <a 'sun/nio/fs/WindowsException'{0x000000008f8a9e70}> (0x000000008f8a9e70) 
thrown [s\open\src\hotspot\share\prims\jni.cpp, line 516]
Event: 240.342 Thread 0x000001c1a49636c0 Exception <a 'sun/nio/fs/WindowsException'{0x000000008f37f900}> (0x000000008f37f900) 
thrown [s\open\src\hotspot\share\prims\jni.cpp, line 516]

VM Operations (20 events):
Event: 113.057 Executing VM operation: Cleanup done
Event: 150.071 Executing VM operation: Cleanup
Event: 150.071 Executing VM operation: Cleanup done
Event: 154.074 Executing VM operation: Cleanup
Event: 154.074 Executing VM operation: Cleanup done
Event: 164.112 Executing VM operation: Cleanup
Event: 164.112 Executing VM operation: Cleanup done
Event: 174.122 Executing VM operation: Cleanup
Event: 174.122 Executing VM operation: Cleanup done
Event: 237.169 Executing VM operation: Cleanup
Event: 237.169 Executing VM operation: Cleanup done
Event: 238.122 Executing VM operation: ICBufferFull
Event: 238.122 Executing VM operation: ICBufferFull done
Event: 238.951 Executing VM operation: ICBufferFull
Event: 238.953 Executing VM operation: ICBufferFull done
Event: 239.586 Executing VM operation: ICBufferFull
Event: 239.586 Executing VM operation: ICBufferFull done
Event: 240.171 Executing VM operation: ICBufferFull
Event: 240.171 Executing VM operation: ICBufferFull done
Event: 240.638 Executing VM operation: G1CollectForAllocation

Events (20 events):
Event: 237.503 Thread 0x000001c1a9193220 Thread added: 0x000001c1a9193220
Event: 237.537 Thread 0x000001c1a33dbdf0 Thread added: 0x000001c1a33dbdf0
Event: 237.680 Thread 0x000001c1a4956f30 Thread added: 0x000001c1a4956f30
Event: 237.864 Thread 0x000001c1a4955bf0 Thread added: 0x000001c1a4955bf0
Event: 237.912 Thread 0x000001c1a47ef550 Thread added: 0x000001c1a47ef550
Event: 237.925 Thread 0x000001c1a47ec530 Thread added: 0x000001c1a47ec530
Event: 237.994 Thread 0x000001c1a47eced0 Thread added: 0x000001c1a47eced0
Event: 238.165 Thread 0x000001c1a93e4710 Thread added: 0x000001c1a93e4710
Event: 238.864 Thread 0x000001c1a4a99030 Thread added: 0x000001c1a4a99030
Event: 238.864 Thread 0x000001c1a4a99ea0 Thread added: 0x000001c1a4a99ea0
Event: 238.865 Thread 0x000001c1a4a9a370 Thread added: 0x000001c1a4a9a370
Event: 239.084 Thread 0x000001c1a47ee210 Thread added: 0x000001c1a47ee210
Event: 239.263 Thread 0x000001c1a31af010 Thread added: 0x000001c1a31af010
Event: 240.074 Thread 0x000001c1a33dbdf0 Thread exited: 0x000001c1a33dbdf0
Event: 240.136 Thread 0x000001c1a3483070 Thread added: 0x000001c1a3483070
Event: 240.308 Thread 0x000001c1a49636c0 Thread added: 0x000001c1a49636c0
Event: 240.309 Thread 0x000001c1a93e3d70 Thread added: 0x000001c1a93e3d70
Event: 240.309 Thread 0x000001c1a93e5f20 Thread added: 0x000001c1a93e5f20
Event: 240.309 Thread 0x000001c1a93e68c0 Thread added: 0x000001c1a93e68c0
Event: 240.311 Thread 0x000001c1a4961eb0 Thread added: 0x000001c1a4961eb0


Dynamic libraries:
0x00007ff75d3e0000 - 0x00007ff75d3f0000 	C:\Program Files\Java\jdk-18.0.2.1\bin\java.exe
0x00007ffa74d50000 - 0x00007ffa74f48000 	C:\Windows\SYSTEM32\ntdll.dll
0x00007ffa74520000 - 0x00007ffa745e1000 	C:\Windows\System32\KERNEL32.DLL
0x00007ffa727e0000 - 0x00007ffa72ad6000 	C:\Windows\System32\KERNELBASE.dll
0x00007ffa6e680000 - 0x00007ffa6e714000 	C:\Windows\SYSTEM32\apphelp.dll
0x00007ffa72520000 - 0x00007ffa72620000 	C:\Windows\System32\ucrtbase.dll
0x00007ffa6ecc0000 - 0x00007ffa6ecda000 	C:\Program Files\Java\jdk-18.0.2.1\bin\VCRUNTIME140.dll
0x00007ffa6ea40000 - 0x00007ffa6ea58000 	C:\Program Files\Java\jdk-18.0.2.1\bin\jli.dll
0x00007ffa73720000 - 0x00007ffa737d0000 	C:\Windows\System32\ADVAPI32.dll
0x00007ffa74360000 - 0x00007ffa743fe000 	C:\Windows\System32\msvcrt.dll
0x00007ffa72ef0000 - 0x00007ffa72f90000 	C:\Windows\System32\sechost.dll
0x00007ffa74be0000 - 0x00007ffa74d03000 	C:\Windows\System32\RPCRT4.dll
0x00007ffa727b0000 - 0x00007ffa727d7000 	C:\Windows\System32\bcrypt.dll
0x00007ffa741c0000 - 0x00007ffa7435f000 	C:\Windows\System32\USER32.dll
0x00007ffa72620000 - 0x00007ffa72642000 	C:\Windows\System32\win32u.dll
0x00007ffa74ad0000 - 0x00007ffa74afb000 	C:\Windows\System32\GDI32.dll
0x00007ffa72400000 - 0x00007ffa72517000 	C:\Windows\System32\gdi32full.dll
0x00007ffa61fc0000 - 0x00007ffa6225a000 	C:\Windows\WinSxS\amd64_microsoft.windows.common-controls_6595b64144ccf1df_6.0.19041.4355_none_60b8b9eb71f62e16\COMCTL32.dll
0x00007ffa72ae0000 - 0x00007ffa72b7d000 	C:\Windows\System32\msvcp_win.dll
0x00007ffa6c420000 - 0x00007ffa6c42a000 	C:\Windows\SYSTEM32\VERSION.dll
0x00007ffa748e0000 - 0x00007ffa7490f000 	C:\Windows\System32\IMM32.DLL
0x00007ffa6ea20000 - 0x00007ffa6ea2c000 	C:\Program Files\Java\jdk-18.0.2.1\bin\vcruntime140_1.dll
0x00007ffa5bf80000 - 0x00007ffa5c00d000 	C:\Program Files\Java\jdk-18.0.2.1\bin\msvcp140.dll
0x00007ffa01620000 - 0x00007ffa02231000 	C:\Program Files\Java\jdk-18.0.2.1\bin\server\jvm.dll
0x00007ffa73cd0000 - 0x00007ffa73cd8000 	C:\Windows\System32\PSAPI.DLL
0x00007ffa5ea90000 - 0x00007ffa5eab7000 	C:\Windows\SYSTEM32\WINMM.dll
0x00007ffa545a0000 - 0x00007ffa545a9000 	C:\Windows\SYSTEM32\WSOCK32.dll
0x00007ffa73900000 - 0x00007ffa7396b000 	C:\Windows\System32\ws2_32.DLL
0x00007ffa70db0000 - 0x00007ffa70dc2000 	C:\Windows\SYSTEM32\kernel.appcore.dll
0x00007ffa6ea10000 - 0x00007ffa6ea1a000 	C:\Program Files\Java\jdk-18.0.2.1\bin\jimage.dll
0x00007ffa6fe30000 - 0x00007ffa70014000 	C:\Windows\SYSTEM32\DBGHELP.DLL
0x00007ffa51570000 - 0x00007ffa515a4000 	C:\Windows\SYSTEM32\dbgcore.DLL
0x00007ffa72c80000 - 0x00007ffa72d02000 	C:\Windows\System32\bcryptPrimitives.dll
0x00007ffa6ba30000 - 0x00007ffa6ba3e000 	C:\Program Files\Java\jdk-18.0.2.1\bin\instrument.dll
0x00007ffa67870000 - 0x00007ffa67895000 	C:\Program Files\Java\jdk-18.0.2.1\bin\java.dll
0x00007ffa5bc90000 - 0x00007ffa5bd66000 	C:\Program Files\Java\jdk-18.0.2.1\bin\jsvml.dll
0x00007ffa72f90000 - 0x00007ffa736fc000 	C:\Windows\System32\SHELL32.dll
0x00007ffa70280000 - 0x00007ffa70a1e000 	C:\Windows\SYSTEM32\windows.storage.dll
0x00007ffa73970000 - 0x00007ffa73cc3000 	C:\Windows\System32\combase.dll
0x00007ffa71d50000 - 0x00007ffa71d7e000 	C:\Windows\SYSTEM32\Wldp.dll
0x00007ffa745f0000 - 0x00007ffa746bd000 	C:\Windows\System32\OLEAUT32.dll
0x00007ffa72de0000 - 0x00007ffa72e8d000 	C:\Windows\System32\SHCORE.dll
0x00007ffa72e90000 - 0x00007ffa72ee5000 	C:\Windows\System32\shlwapi.dll
0x00007ffa72330000 - 0x00007ffa72354000 	C:\Windows\SYSTEM32\profapi.dll
0x00007ffa6ba10000 - 0x00007ffa6ba28000 	C:\Program Files\Java\jdk-18.0.2.1\bin\zip.dll
0x00007ffa5bc70000 - 0x00007ffa5bc83000 	C:\Program Files\Java\jdk-18.0.2.1\bin\net.dll
0x00007ffa6ba80000 - 0x00007ffa6bb8a000 	C:\Windows\SYSTEM32\WINHTTP.dll
0x00007ffa71ab0000 - 0x00007ffa71b1a000 	C:\Windows\system32\mswsock.dll
0x00007ffa5bc50000 - 0x00007ffa5bc66000 	C:\Program Files\Java\jdk-18.0.2.1\bin\nio.dll
0x00007ffa69f90000 - 0x00007ffa69fa0000 	C:\Program Files\Java\jdk-18.0.2.1\bin\verify.dll
0x00007ffa6ea60000 - 0x00007ffa6ea87000 	C:\Users\mattia\.gradle\native\c067742578af261105cb4f569cf0c3c89f3d7b1fecec35dd04571415982c5e48\windows-amd64\native-platform.dll
0x00007ffa2ba50000 - 0x00007ffa2bb94000 	C:\Users\mattia\.gradle\native\38dada09dfb8b06ba9b0570ebf7e218e3eb74d4ef43ca46872605cf95ebc2f47\windows-amd64\native-platform-file-events.dll
0x00007ffa69f40000 - 0x00007ffa69f49000 	C:\Program Files\Java\jdk-18.0.2.1\bin\management.dll
0x00007ffa67860000 - 0x00007ffa6786b000 	C:\Program Files\Java\jdk-18.0.2.1\bin\management_ext.dll
0x00007ffa71cb0000 - 0x00007ffa71cc8000 	C:\Windows\SYSTEM32\CRYPTSP.dll
0x00007ffa713d0000 - 0x00007ffa71404000 	C:\Windows\system32\rsaenh.dll
0x00007ffa722e0000 - 0x00007ffa7230e000 	C:\Windows\SYSTEM32\USERENV.dll
0x00007ffa71ca0000 - 0x00007ffa71cac000 	C:\Windows\SYSTEM32\CRYPTBASE.dll
0x00007ffa71790000 - 0x00007ffa717cb000 	C:\Windows\SYSTEM32\IPHLPAPI.DLL
0x00007ffa74910000 - 0x00007ffa74918000 	C:\Windows\System32\NSI.dll
0x00007ffa6ec20000 - 0x00007ffa6ec37000 	C:\Windows\SYSTEM32\dhcpcsvc6.DLL
0x00007ffa6ec00000 - 0x00007ffa6ec1d000 	C:\Windows\SYSTEM32\dhcpcsvc.DLL
0x00007ffa717d0000 - 0x00007ffa7189a000 	C:\Windows\SYSTEM32\DNSAPI.dll
0x00007ffa520a0000 - 0x00007ffa520b7000 	C:\Windows\system32\napinsp.dll
0x00007ffa52080000 - 0x00007ffa5209b000 	C:\Windows\system32\pnrpnsp.dll
0x00007ffa52060000 - 0x00007ffa52075000 	C:\Windows\system32\wshbth.dll
0x00007ffa6e940000 - 0x00007ffa6e95d000 	C:\Windows\system32\NLAapi.dll
0x00007ffa51a30000 - 0x00007ffa51a42000 	C:\Windows\System32\winrnr.dll
0x00007ffa6ac90000 - 0x00007ffa6ac9a000 	C:\Windows\System32\rasadhlp.dll
0x00007ffa6ef60000 - 0x00007ffa6efe0000 	C:\Windows\System32\fwpuclnt.dll
0x00007ffa714f0000 - 0x00007ffa71523000 	C:\Windows\SYSTEM32\ntmarta.dll
0x00007ffa624f0000 - 0x00007ffa6250e000 	C:\Users\mattia\AppData\Local\Temp\native-platform13240849483081701520dir\native-platform.dll
0x00007ffa67840000 - 0x00007ffa67847000 	C:\Program Files\Java\jdk-18.0.2.1\bin\rmi.dll
0x00007ffa67850000 - 0x00007ffa6785e000 	C:\Program Files\Java\jdk-18.0.2.1\bin\sunmscapi.dll
0x00007ffa72650000 - 0x00007ffa727ae000 	C:\Windows\System32\CRYPT32.dll
0x00007ffa71dc0000 - 0x00007ffa71de9000 	C:\Windows\SYSTEM32\ncrypt.dll
0x00007ffa71d80000 - 0x00007ffa71dbb000 	C:\Windows\SYSTEM32\NTASN1.dll

dbghelp: loaded successfully - version: 4.0.5 - missing functions: none
symbol engine: initialized successfully - sym options: 0x614 - pdb path: .;C:\Program Files\Java\jdk-18.0.2.1\bin;C:\Windows\SYSTEM32;C:\Windows\WinSxS\amd64_microsoft.windows.common-controls_6595b64144ccf1df_6.0.19041.4355_none_60b8b9eb71f62e16;C:\Program Files\Java\jdk-18.0.2.1\bin\server;C:\Users\mattia\.gradle\native\c067742578af261105cb4f569cf0c3c89f3d7b1fecec35dd04571415982c5e48\windows-amd64;C:\Users\mattia\.gradle\native\38dada09dfb8b06ba9b0570ebf7e218e3eb74d4ef43ca46872605cf95ebc2f47\windows-amd64;C:\Users\mattia\AppData\Local\Temp\native-platform13240849483081701520dir

VM Arguments:
jvm_args: --add-opens=java.base/java.util=ALL-UNNAMED --add-opens=java.base/java.lang=ALL-UNNAMED --add-opens=java.base/java.lang.invoke=ALL-UNNAMED --add-opens=java.prefs/java.util.prefs=ALL-UNNAMED --add-opens=java.base/java.nio.charset=ALL-UNNAMED --add-opens=java.base/java.net=ALL-UNNAMED --add-opens=java.base/java.util.concurrent.atomic=ALL-UNNAMED -Xmx2048m -Dfile.encoding=UTF-8 -Duser.country=US -Duser.language=en -Duser.variant -javaagent:C:\Users\mattia\.gradle\wrapper\dists\gradle-8.4-bin\1w5dpkrfk8irigvoxmyhowfim\gradle-8.4\lib\agents\gradle-instrumentation-agent-8.4.jar 
java_command: org.gradle.launcher.daemon.bootstrap.GradleDaemon 8.4
java_class_path (initial): C:\Users\mattia\.gradle\wrapper\dists\gradle-8.4-bin\1w5dpkrfk8irigvoxmyhowfim\gradle-8.4\lib\gradle-launcher-8.4.jar
Launcher Type: SUN_STANDARD

[Global flags]
     intx CICompilerCount                          = 3                                         {product} {ergonomic}
     uint ConcGCThreads                            = 1                                         {product} {ergonomic}
     uint G1ConcRefinementThreads                  = 4                                         {product} {ergonomic}
   size_t G1HeapRegionSize                         = 1048576                                   {product} {ergonomic}
    uintx GCDrainStackTargetSize                   = 64                                        {product} {ergonomic}
   size_t InitialHeapSize                          = 266338304                                 {product} {ergonomic}
   size_t MarkStackSize                            = 4194304                                   {product} {ergonomic}
   size_t MaxHeapSize                              = 2147483648                                {product} {command line}
   size_t MaxNewSize                               = 1287651328                                {product} {ergonomic}
   size_t MinHeapDeltaBytes                        = 1048576                                   {product} {ergonomic}
   size_t MinHeapSize                              = 8388608                                   {product} {ergonomic}
    uintx NonNMethodCodeHeapSize                   = 5832780                                {pd product} {ergonomic}
    uintx NonProfiledCodeHeapSize                  = 122912730                              {pd product} {ergonomic}
    uintx ProfiledCodeHeapSize                     = 122912730                              {pd product} {ergonomic}
    uintx ReservedCodeCacheSize                    = 251658240                              {pd product} {ergonomic}
     bool SegmentedCodeCache                       = true                                      {product} {ergonomic}
   size_t SoftMaxHeapSize                          = 2147483648                             {manageable} {ergonomic}
     bool UseCompressedClassPointers               = true                           {product lp64_product} {ergonomic}
     bool UseCompressedOops                        = true                           {product lp64_product} {ergonomic}
     bool UseG1GC                                  = true                                      {product} {ergonomic}
     bool UseLargePagesIndividualAllocation        = false                                  {pd product} {ergonomic}

Logging:
Log output configuration:
 #0: stdout all=warning uptime,level,tags foldmultilines=false
 #1: stderr all=off uptime,level,tags foldmultilines=false

Environment Variables:
JAVA_HOME=C:\Program Files\Java\jdk-18.0.2.1
PATH=C:\Program Files\Common Files\Oracle\Java\javapath;C:\Windows\system32;C:\Windows;C:\Windows\System32\Wbem;C:\Windows\System32\WindowsPowerShell\v1.0\;C:\Windows\System32\OpenSSH\;C:\Program Files\Git\mingw64\bin;C:\Program Files\Git\cmd;C:\Program Files (x86)\Windows Kits\10\Windows Performance Toolkit\;C:\Program Files (x86)\Microsoft SQL Server\160\Tools\Binn\;C:\Program Files\Microsoft SQL Server\160\Tools\Binn\;C:\Program Files\Microsoft SQL Server\Client SDK\ODBC\170\Tools\Binn\;C:\Program Files\Microsoft SQL Server\160\DTS\Binn\;C:\Program Files (x86)\Microsoft SQL Server\160\DTS\Binn\;C:\Program Files\Azure Data Studio\bin;C:\Program Files\Java\jdk-21\bin;C:\Users\mattia\AppData\Local\Android\Sdk\platforms;C:\Users\mattia\AppData\Local\Android\Sdk\platform-tools;C:\Users\mattia\AppData\Local\Android\Sdk\platform-tools-2;D:\fl\flutter_windows_3.16.9-stable\flutter\bin;C:\Program Files\Android\Android Studio;C:\Users\mattia\.jdks\corretto-1.8.0_402;D:\java jdk 8\openlogic-openjdk-8u412-b08-windows-x64\openlogic-openjdk-8u412-b08-windows-64\bin;C:\Users\mattia\AppData\Local\Microsoft\WindowsApps;C:\Program Files\Git;D:\visual staduio flutter\Microsoft VS Code\bin
USERNAME=mattia
OS=Windows_NT
PROCESSOR_IDENTIFIER=Intel64 Family 6 Model 142 Stepping 9, GenuineIntel



---------------  S Y S T E M  ---------------

OS:
 Windows 10 , 64 bit Build 19041 (10.0.19041.4597)
OS uptime: 0 days 3:03 hours

CPU: total 4 (initial active 4) (2 cores per cpu, 2 threads per core) family 6 model 142 stepping 9 microcode 0xf4, cx8, cmov, fxsr, ht, mmx, 3dnowpref, sse, sse2, sse3, ssse3, sse4.1, sse4.2, popcnt, lzcnt, tsc, tscinvbit, avx, avx2, aes, erms, clmul, bmi1, bmi2, rtm, adx, fma, vzeroupper, clflush, clflushopt

Memory: 4k page, system-wide physical 16240M (6620M free)
TotalPageFile size 22384M (AvailPageFile size 11949M)
current process WorkingSet (physical memory assigned to process): 664M, peak: 688M
current process commit charge ("private bytes"): 706M, peak: 720M

vm_info: Java HotSpot(TM) 64-Bit Server VM (18.0.2.1+1-1) for windows-amd64 JRE (18.0.2.1+1-1), built on Aug 16 2022 01:46:33 by "mach5one" with MS VC++ 16.8 / 16.9 (VS2019)

END.
